Using pre-set license

 COMMAND LINE ARGUMENTS:
/Applications/Unity/Hub/Editor/2021.1.0b8/Unity.app/Contents/MacOS/Unity
-adb2
-batchMode
-noUpm
-name
AssetImportWorker0
-projectPath
/Users/harrisonferrone/Desktop/Hero_Born
-logFile
Logs/AssetImportWorker0.log
-srvPort
55782
Successfully changed project path to: /Users/harrisonferrone/Desktop/Hero_Born
/Users/harrisonferrone/Desktop/Hero_Born
Using Asset Import Pipeline V2.
Refreshing native plugins compatible for Editor in 76.16 ms, found 1 plugins.
Preloading 0 native plugins for Editor in 0.00 ms.
Initialize engine version: 2021.1.0b8 (4a0a5fc962a9)
[Subsystems] Discovering subsystems at path /Applications/Unity/Hub/Editor/2021.1.0b8/Unity.app/Contents/Resources/UnitySubsystems
[Subsystems] Discovering subsystems at path /Users/harrisonferrone/Desktop/Hero_Born/Assets
GfxDevice: creating device client; threaded=0; jobified=0
2021-02-28 16:19:28.225 Unity[41105:1160841] Color LCD preferred device: Intel(R) Iris(TM) Plus Graphics (low power)
2021-02-28 16:19:28.225 Unity[41105:1160841] Metal devices available: 1
2021-02-28 16:19:28.225 Unity[41105:1160841] 0: Intel(R) Iris(TM) Plus Graphics (low power)
2021-02-28 16:19:28.226 Unity[41105:1160841] Using device Intel(R) Iris(TM) Plus Graphics (low power)
Initializing Metal device caps: Intel(R) Iris(TM) Plus Graphics
Initialize mono
Mono path[0] = '/Applications/Unity/Hub/Editor/2021.1.0b8/Unity.app/Contents/Managed'
Mono path[1] = '/Applications/Unity/Hub/Editor/2021.1.0b8/Unity.app/Contents/MonoBleedingEdge/lib/mono/unityjit'
Mono config path = '/Applications/Unity/Hub/Editor/2021.1.0b8/Unity.app/Contents/MonoBleedingEdge/etc'
Using monoOptions --debugger-agent=transport=dt_socket,embedding=1,server=y,suspend=n,address=127.0.0.1:56105
Begin MonoManager ReloadAssembly
Registering precompiled unity dll's ...
Register platform support module: /Applications/Unity/Hub/Editor/2021.1.0b8/Unity.app/Contents/PlaybackEngines/MacStandaloneSupport/UnityEditor.OSXStandalone.Extensions.dll
Registered in 0.001000 seconds.
Native extension for OSXStandalone target not found
Refreshing native plugins compatible for Editor in 68.48 ms, found 1 plugins.
Preloading 0 native plugins for Editor in 0.00 ms.
Mono: successfully reloaded assembly
- Completed reload, in  3.164 seconds
Platform modules already initialized, skipping
Registering precompiled user dll's ...
Registered in 0.002615 seconds.
Begin MonoManager ReloadAssembly
Native extension for OSXStandalone target not found
Refreshing native plugins compatible for Editor in 0.39 ms, found 1 plugins.
Preloading 0 native plugins for Editor in 0.00 ms.
Mono: successfully reloaded assembly
- Completed reload, in  1.035 seconds
Platform modules already initialized, skipping
========================================================================
Worker process is ready to serve import requests
Launching external process: /Applications/Unity/Hub/Editor/2021.1.0b8/Unity.app/Contents/Tools/UnityShaderCompiler
Launched and connected shader compiler UnityShaderCompiler after 0.02 seconds
Refreshing native plugins compatible for Editor in 0.45 ms, found 1 plugins.
Preloading 0 native plugins for Editor in 0.00 ms.
Unloading 2660 Unused Serialized files (Serialized files now loaded: 0)
System memory in use before: 166.7 MB.
System memory in use after: 166.8 MB.

Unloading 15 unused Assets to reduce memory usage. Loaded Objects now: 3111.
Total: 2.327992 ms (FindLiveObjects: 0.235214 ms CreateObjectMapping: 0.121026 ms MarkObjects: 1.883595 ms  DeleteObjects: 0.086387 ms)

========================================================================
Received Prepare
Registering precompiled user dll's ...
Registered in 0.002275 seconds.
Begin MonoManager ReloadAssembly
Native extension for OSXStandalone target not found
Refreshing native plugins compatible for Editor in 0.44 ms, found 1 plugins.
Preloading 0 native plugins for Editor in 0.00 ms.
Mono: successfully reloaded assembly
- Completed reload, in  0.939 seconds
Platform modules already initialized, skipping
Refreshing native plugins compatible for Editor in 0.55 ms, found 1 plugins.
Preloading 0 native plugins for Editor in 0.00 ms.
Unloading 2655 Unused Serialized files (Serialized files now loaded: 0)
System memory in use before: 166.9 MB.
System memory in use after: 167.0 MB.

Unloading 10 unused Assets to reduce memory usage. Loaded Objects now: 3114.
Total: 1.841126 ms (FindLiveObjects: 0.258442 ms CreateObjectMapping: 0.080756 ms MarkObjects: 1.442858 ms  DeleteObjects: 0.056840 ms)

========================================================================
Received Import Request.
  path: Assets/Scripts/LearningCurve.cs
  artifactKey: Guid(217ec36133fa4403ba779eb5136247ee) Importer(815301076,1909f56bfc062723c751e8b465ee728b)
Start importing Assets/Scripts/LearningCurve.cs using Guid(217ec36133fa4403ba779eb5136247ee) Importer(815301076,1909f56bfc062723c751e8b465ee728b)  -> (artifact id: 'f8c85ce9d4dba72c7d6db5bac7c52244') in 0.372353 seconds 
========================================================================
Received Import Request.
  Time since last request: 12.975003 seconds.
  path: Assets/Scripts/LearningCurve.cs
  artifactKey: Guid(217ec36133fa4403ba779eb5136247ee) Importer(815301076,1909f56bfc062723c751e8b465ee728b)
Start importing Assets/Scripts/LearningCurve.cs using Guid(217ec36133fa4403ba779eb5136247ee) Importer(815301076,1909f56bfc062723c751e8b465ee728b)  -> (artifact id: '155f97f151e251abf0113a7246c3d936') in 0.006818 seconds 
========================================================================
Received Prepare
Registering precompiled user dll's ...
Registered in 0.003283 seconds.
Begin MonoManager ReloadAssembly
Native extension for OSXStandalone target not found
Refreshing native plugins compatible for Editor in 0.40 ms, found 1 plugins.
Preloading 0 native plugins for Editor in 0.00 ms.
Mono: successfully reloaded assembly
- Completed reload, in  1.014 seconds
Platform modules already initialized, skipping
Refreshing native plugins compatible for Editor in 0.39 ms, found 1 plugins.
Preloading 0 native plugins for Editor in 0.00 ms.
Unloading 2655 Unused Serialized files (Serialized files now loaded: 0)
System memory in use before: 171.4 MB.
System memory in use after: 171.6 MB.

Unloading 10 unused Assets to reduce memory usage. Loaded Objects now: 3117.
Total: 2.437536 ms (FindLiveObjects: 0.262176 ms CreateObjectMapping: 0.162597 ms MarkObjects: 1.930809 ms  DeleteObjects: 0.079998 ms)

========================================================================
Received Prepare
Registering precompiled user dll's ...
Registered in 0.002853 seconds.
Begin MonoManager ReloadAssembly
Native extension for OSXStandalone target not found
Refreshing native plugins compatible for Editor in 0.42 ms, found 1 plugins.
Preloading 0 native plugins for Editor in 0.00 ms.
Mono: successfully reloaded assembly
- Completed reload, in  0.991 seconds
Platform modules already initialized, skipping
Refreshing native plugins compatible for Editor in 0.41 ms, found 1 plugins.
Preloading 0 native plugins for Editor in 0.00 ms.
Unloading 2655 Unused Serialized files (Serialized files now loaded: 0)
System memory in use before: 171.7 MB.
System memory in use after: 171.8 MB.

Unloading 10 unused Assets to reduce memory usage. Loaded Objects now: 3120.
Total: 1.783760 ms (FindLiveObjects: 0.198433 ms CreateObjectMapping: 0.087592 ms MarkObjects: 1.432606 ms  DeleteObjects: 0.062710 ms)

========================================================================
Received Prepare
Registering precompiled user dll's ...
Registered in 0.002309 seconds.
Begin MonoManager ReloadAssembly
Native extension for OSXStandalone target not found
Refreshing native plugins compatible for Editor in 0.40 ms, found 1 plugins.
Preloading 0 native plugins for Editor in 0.00 ms.
Mono: successfully reloaded assembly
- Completed reload, in  0.981 seconds
Platform modules already initialized, skipping
Refreshing native plugins compatible for Editor in 0.39 ms, found 1 plugins.
Preloading 0 native plugins for Editor in 0.00 ms.
Unloading 2655 Unused Serialized files (Serialized files now loaded: 0)
System memory in use before: 171.8 MB.
System memory in use after: 172.0 MB.

Unloading 10 unused Assets to reduce memory usage. Loaded Objects now: 3123.
Total: 2.844986 ms (FindLiveObjects: 0.298468 ms CreateObjectMapping: 0.127283 ms MarkObjects: 2.334470 ms  DeleteObjects: 0.082270 ms)

========================================================================
Received Prepare
Registering precompiled user dll's ...
Registered in 0.002011 seconds.
Begin MonoManager ReloadAssembly
Native extension for OSXStandalone target not found
Refreshing native plugins compatible for Editor in 0.44 ms, found 1 plugins.
Preloading 0 native plugins for Editor in 0.00 ms.
Mono: successfully reloaded assembly
- Completed reload, in  1.291 seconds
Platform modules already initialized, skipping
Refreshing native plugins compatible for Editor in 0.41 ms, found 1 plugins.
Preloading 0 native plugins for Editor in 0.00 ms.
Unloading 2655 Unused Serialized files (Serialized files now loaded: 0)
System memory in use before: 172.0 MB.
System memory in use after: 172.2 MB.

Unloading 10 unused Assets to reduce memory usage. Loaded Objects now: 3126.
Total: 2.129254 ms (FindLiveObjects: 0.244305 ms CreateObjectMapping: 0.098036 ms MarkObjects: 1.727186 ms  DeleteObjects: 0.058509 ms)

========================================================================
Received Prepare
Registering precompiled user dll's ...
Registered in 0.002601 seconds.
Begin MonoManager ReloadAssembly
Native extension for OSXStandalone target not found
Refreshing native plugins compatible for Editor in 0.63 ms, found 1 plugins.
Preloading 0 native plugins for Editor in 0.00 ms.
Mono: successfully reloaded assembly
- Completed reload, in  1.002 seconds
Platform modules already initialized, skipping
Refreshing native plugins compatible for Editor in 0.40 ms, found 1 plugins.
Preloading 0 native plugins for Editor in 0.00 ms.
Unloading 2655 Unused Serialized files (Serialized files now loaded: 0)
System memory in use before: 172.2 MB.
System memory in use after: 172.4 MB.

Unloading 10 unused Assets to reduce memory usage. Loaded Objects now: 3129.
Total: 2.069034 ms (FindLiveObjects: 0.262024 ms CreateObjectMapping: 0.104004 ms MarkObjects: 1.646533 ms  DeleteObjects: 0.054342 ms)

========================================================================
Received Prepare
Registering precompiled user dll's ...
Registered in 0.003126 seconds.
Begin MonoManager ReloadAssembly
Native extension for OSXStandalone target not found
Refreshing native plugins compatible for Editor in 0.59 ms, found 1 plugins.
Preloading 0 native plugins for Editor in 0.00 ms.
Mono: successfully reloaded assembly
- Completed reload, in  1.136 seconds
Platform modules already initialized, skipping
Refreshing native plugins compatible for Editor in 0.41 ms, found 1 plugins.
Preloading 0 native plugins for Editor in 0.00 ms.
Unloading 2655 Unused Serialized files (Serialized files now loaded: 0)
System memory in use before: 172.4 MB.
System memory in use after: 172.6 MB.

Unloading 10 unused Assets to reduce memory usage. Loaded Objects now: 3132.
Total: 1.759941 ms (FindLiveObjects: 0.201362 ms CreateObjectMapping: 0.088501 ms MarkObjects: 1.407516 ms  DeleteObjects: 0.060944 ms)

========================================================================
Received Prepare
Registering precompiled user dll's ...
Registered in 0.002919 seconds.
Begin MonoManager ReloadAssembly
Native extension for OSXStandalone target not found
Refreshing native plugins compatible for Editor in 0.53 ms, found 1 plugins.
Preloading 0 native plugins for Editor in 0.00 ms.
Mono: successfully reloaded assembly
- Completed reload, in  1.012 seconds
Platform modules already initialized, skipping
Refreshing native plugins compatible for Editor in 0.39 ms, found 1 plugins.
Preloading 0 native plugins for Editor in 0.00 ms.
Unloading 2655 Unused Serialized files (Serialized files now loaded: 0)
System memory in use before: 172.6 MB.
System memory in use after: 172.8 MB.

Unloading 10 unused Assets to reduce memory usage. Loaded Objects now: 3135.
Total: 1.711573 ms (FindLiveObjects: 0.210691 ms CreateObjectMapping: 0.052929 ms MarkObjects: 1.395038 ms  DeleteObjects: 0.051747 ms)

========================================================================
Received Prepare
Registering precompiled user dll's ...
Registered in 0.002232 seconds.
Begin MonoManager ReloadAssembly
Native extension for OSXStandalone target not found
Refreshing native plugins compatible for Editor in 0.50 ms, found 1 plugins.
Preloading 0 native plugins for Editor in 0.00 ms.
Mono: successfully reloaded assembly
- Completed reload, in  1.054 seconds
Platform modules already initialized, skipping
Refreshing native plugins compatible for Editor in 0.40 ms, found 1 plugins.
Preloading 0 native plugins for Editor in 0.00 ms.
Unloading 2655 Unused Serialized files (Serialized files now loaded: 0)
System memory in use before: 172.8 MB.
System memory in use after: 173.0 MB.

Unloading 10 unused Assets to reduce memory usage. Loaded Objects now: 3138.
Total: 2.805372 ms (FindLiveObjects: 0.230279 ms CreateObjectMapping: 0.089123 ms MarkObjects: 2.421824 ms  DeleteObjects: 0.063063 ms)

