Using pre-set license

 COMMAND LINE ARGUMENTS:
/Applications/Unity/Hub/Editor/2021.1.0b8/Unity.app/Contents/MacOS/Unity
-adb2
-batchMode
-noUpm
-name
AssetImportWorker0
-projectPath
/Users/harrisonferrone/Desktop/Hero_Born
-logFile
Logs/AssetImportWorker0.log
-srvPort
60308
Successfully changed project path to: /Users/harrisonferrone/Desktop/Hero_Born
/Users/harrisonferrone/Desktop/Hero_Born
Using Asset Import Pipeline V2.
Refreshing native plugins compatible for Editor in 71.63 ms, found 1 plugins.
Preloading 0 native plugins for Editor in 0.00 ms.
Initialize engine version: 2021.1.0b8 (4a0a5fc962a9)
[Subsystems] Discovering subsystems at path /Applications/Unity/Hub/Editor/2021.1.0b8/Unity.app/Contents/Resources/UnitySubsystems
[Subsystems] Discovering subsystems at path /Users/harrisonferrone/Desktop/Hero_Born/Assets
GfxDevice: creating device client; threaded=0; jobified=0
2021-03-13 19:26:24.973 Unity[11115:3133611] Color LCD preferred device: Intel(R) Iris(TM) Plus Graphics (low power)
2021-03-13 19:26:24.973 Unity[11115:3133611] Metal devices available: 1
2021-03-13 19:26:24.973 Unity[11115:3133611] 0: Intel(R) Iris(TM) Plus Graphics (low power)
2021-03-13 19:26:24.974 Unity[11115:3133611] Using device Intel(R) Iris(TM) Plus Graphics (low power)
Initializing Metal device caps: Intel(R) Iris(TM) Plus Graphics
Initialize mono
Mono path[0] = '/Applications/Unity/Hub/Editor/2021.1.0b8/Unity.app/Contents/Managed'
Mono path[1] = '/Applications/Unity/Hub/Editor/2021.1.0b8/Unity.app/Contents/MonoBleedingEdge/lib/mono/unityjit'
Mono config path = '/Applications/Unity/Hub/Editor/2021.1.0b8/Unity.app/Contents/MonoBleedingEdge/etc'
Using monoOptions --debugger-agent=transport=dt_socket,embedding=1,server=y,suspend=n,address=127.0.0.1:56115
Begin MonoManager ReloadAssembly
Registering precompiled unity dll's ...
Register platform support module: /Applications/Unity/Hub/Editor/2021.1.0b8/Unity.app/Contents/PlaybackEngines/MacStandaloneSupport/UnityEditor.OSXStandalone.Extensions.dll
Registered in 0.002702 seconds.
Native extension for OSXStandalone target not found
Refreshing native plugins compatible for Editor in 66.65 ms, found 1 plugins.
Preloading 0 native plugins for Editor in 0.00 ms.
Mono: successfully reloaded assembly
- Completed reload, in  2.977 seconds
Platform modules already initialized, skipping
Registering precompiled user dll's ...
Registered in 0.002686 seconds.
Begin MonoManager ReloadAssembly
Native extension for OSXStandalone target not found
Refreshing native plugins compatible for Editor in 0.39 ms, found 1 plugins.
Preloading 0 native plugins for Editor in 0.00 ms.
Mono: successfully reloaded assembly
- Completed reload, in  1.197 seconds
Platform modules already initialized, skipping
========================================================================
Worker process is ready to serve import requests
Launching external process: /Applications/Unity/Hub/Editor/2021.1.0b8/Unity.app/Contents/Tools/UnityShaderCompiler
Launched and connected shader compiler UnityShaderCompiler after 0.03 seconds
Refreshing native plugins compatible for Editor in 0.69 ms, found 1 plugins.
Preloading 0 native plugins for Editor in 0.00 ms.
Unloading 2663 Unused Serialized files (Serialized files now loaded: 0)
System memory in use before: 167.0 MB.
System memory in use after: 167.2 MB.

Unloading 15 unused Assets to reduce memory usage. Loaded Objects now: 3114.
Total: 2.879174 ms (FindLiveObjects: 0.251586 ms CreateObjectMapping: 0.146998 ms MarkObjects: 2.371977 ms  DeleteObjects: 0.106494 ms)

========================================================================
Received Import Request.
  path: Assets/Scripts/Weapon.cs
  artifactKey: Guid(f2be4f4b6e38e4d439ece3378eba05f5) Importer(815301076,1909f56bfc062723c751e8b465ee728b)
Start importing Assets/Scripts/Weapon.cs using Guid(f2be4f4b6e38e4d439ece3378eba05f5) Importer(815301076,1909f56bfc062723c751e8b465ee728b)  -> (artifact id: '19bcb6594c72fbf221f3c0f6d7bbbe1f') in 0.467855 seconds 
========================================================================
Received Import Request.
  Time since last request: 0.000338 seconds.
  path: Assets/Scripts/ItemRotation.cs
  artifactKey: Guid(554be4a6eb4d5406a8dc8a8ca6e495ec) Importer(815301076,1909f56bfc062723c751e8b465ee728b)
Start importing Assets/Scripts/ItemRotation.cs using Guid(554be4a6eb4d5406a8dc8a8ca6e495ec) Importer(815301076,1909f56bfc062723c751e8b465ee728b)  -> (artifact id: '16e9bb8043db4ba7bf969a318fc7f894') in 0.002217 seconds 
========================================================================
Received Import Request.
  Time since last request: 907.706343 seconds.
  path: Assets/Prefabs/Health_Pickup.prefab
  artifactKey: Guid(535a7c81de09e4f0aaf15c7f6342fa4d) Importer(815301076,1909f56bfc062723c751e8b465ee728b)
Start importing Assets/Prefabs/Health_Pickup.prefab using Guid(535a7c81de09e4f0aaf15c7f6342fa4d) Importer(815301076,1909f56bfc062723c751e8b465ee728b)  -> (artifact id: '3339eb4858b31bfb66cef2d8711ed45b') in 2.035184 seconds 
========================================================================
Received Import Request.
  Time since last request: 58.134574 seconds.
  path: Assets/Prefabs/Health_Pickup.prefab
  artifactKey: Guid(535a7c81de09e4f0aaf15c7f6342fa4d) Importer(815301076,1909f56bfc062723c751e8b465ee728b)
Start importing Assets/Prefabs/Health_Pickup.prefab using Guid(535a7c81de09e4f0aaf15c7f6342fa4d) Importer(815301076,1909f56bfc062723c751e8b465ee728b)  -> (artifact id: '75a44449d5a65fd71fc280426fcb0632') in 0.014185 seconds 
========================================================================
Received Import Request.
  Time since last request: 54.303066 seconds.
  path: Assets/Prefabs/Health_Pickup.prefab
  artifactKey: Guid(535a7c81de09e4f0aaf15c7f6342fa4d) Importer(815301076,1909f56bfc062723c751e8b465ee728b)
Start importing Assets/Prefabs/Health_Pickup.prefab using Guid(535a7c81de09e4f0aaf15c7f6342fa4d) Importer(815301076,1909f56bfc062723c751e8b465ee728b)  -> (artifact id: '1e9f6fdac12a500f92434ba5f7141aca') in 0.013308 seconds 
========================================================================
Received Prepare
Registering precompiled user dll's ...
Registered in 0.002565 seconds.
Begin MonoManager ReloadAssembly
Native extension for OSXStandalone target not found
Refreshing native plugins compatible for Editor in 0.42 ms, found 1 plugins.
Preloading 0 native plugins for Editor in 0.00 ms.
Mono: successfully reloaded assembly
- Completed reload, in  1.135 seconds
Platform modules already initialized, skipping
Refreshing native plugins compatible for Editor in 0.41 ms, found 1 plugins.
Preloading 0 native plugins for Editor in 0.00 ms.
Unloading 2658 Unused Serialized files (Serialized files now loaded: 0)
System memory in use before: 180.0 MB.
System memory in use after: 180.1 MB.

Unloading 10 unused Assets to reduce memory usage. Loaded Objects now: 3125.
Total: 2.002923 ms (FindLiveObjects: 0.227719 ms CreateObjectMapping: 0.103500 ms MarkObjects: 1.597257 ms  DeleteObjects: 0.072971 ms)

========================================================================
Received Prepare
Registering precompiled user dll's ...
Registered in 0.003194 seconds.
Begin MonoManager ReloadAssembly
Native extension for OSXStandalone target not found
Refreshing native plugins compatible for Editor in 0.43 ms, found 1 plugins.
Preloading 0 native plugins for Editor in 0.00 ms.
Mono: successfully reloaded assembly
- Completed reload, in  1.059 seconds
Platform modules already initialized, skipping
Refreshing native plugins compatible for Editor in 0.42 ms, found 1 plugins.
Preloading 0 native plugins for Editor in 0.00 ms.
Unloading 2658 Unused Serialized files (Serialized files now loaded: 0)
System memory in use before: 180.2 MB.
System memory in use after: 180.4 MB.

Unloading 10 unused Assets to reduce memory usage. Loaded Objects now: 3128.
Total: 1.926782 ms (FindLiveObjects: 0.247622 ms CreateObjectMapping: 0.162414 ms MarkObjects: 1.469776 ms  DeleteObjects: 0.045590 ms)

========================================================================
Received Import Request.
  Time since last request: 481.768672 seconds.
  path: Assets/Prefabs/Barrier_01.prefab
  artifactKey: Guid(f74f0eacd0558443e9de22146ba250e4) Importer(815301076,1909f56bfc062723c751e8b465ee728b)
Start importing Assets/Prefabs/Barrier_01.prefab using Guid(f74f0eacd0558443e9de22146ba250e4) Importer(815301076,1909f56bfc062723c751e8b465ee728b)  -> (artifact id: '52735252c5c645c2918cf6a69c5859cc') in 0.069507 seconds 
========================================================================
Received Import Request.
  Time since last request: 250.055192 seconds.
  path: Assets/Prefabs/Animations
  artifactKey: Guid(5beb42846a2274a8ca885f65b1db00ba) Importer(815301076,1909f56bfc062723c751e8b465ee728b)
Start importing Assets/Prefabs/Animations using Guid(5beb42846a2274a8ca885f65b1db00ba) Importer(815301076,1909f56bfc062723c751e8b465ee728b)  -> (artifact id: 'e67e589f0119cac1104482c60e99c5cc') in 0.003459 seconds 
========================================================================
Received Import Request.
  Time since last request: 5.496033 seconds.
  path: Assets/Animations/Health_Pickup.controller
  artifactKey: Guid(7b0b824b64ceb45bdacd80c03bc35c2d) Importer(815301076,1909f56bfc062723c751e8b465ee728b)
Start importing Assets/Animations/Health_Pickup.controller using Guid(7b0b824b64ceb45bdacd80c03bc35c2d) Importer(815301076,1909f56bfc062723c751e8b465ee728b)  -> (artifact id: '2e9c903dbe82bfbe35e7d3058317e49d') in 0.369604 seconds 
========================================================================
Received Import Request.
  Time since last request: 0.291776 seconds.
  path: Assets/Animations/Pickup_Spin.anim
  artifactKey: Guid(c516d7df2a98041e3bfbaa987cfc755e) Importer(815301076,1909f56bfc062723c751e8b465ee728b)
Start importing Assets/Animations/Pickup_Spin.anim using Guid(c516d7df2a98041e3bfbaa987cfc755e) Importer(815301076,1909f56bfc062723c751e8b465ee728b)  -> (artifact id: '667179d387dd88885514c8980588d77a') in 0.180313 seconds 
========================================================================
Received Import Request.
  Time since last request: 453.298153 seconds.
  path: Assets/Animations/Health_Pickup.controller
  artifactKey: Guid(7b0b824b64ceb45bdacd80c03bc35c2d) Importer(815301076,1909f56bfc062723c751e8b465ee728b)
Start importing Assets/Animations/Health_Pickup.controller using Guid(7b0b824b64ceb45bdacd80c03bc35c2d) Importer(815301076,1909f56bfc062723c751e8b465ee728b)  -> (artifact id: 'f458b612f102beb7ef50f228fe5f9939') in 0.008591 seconds 
========================================================================
Received Prepare
Registering precompiled user dll's ...
Registered in 0.011724 seconds.
Begin MonoManager ReloadAssembly
Native extension for OSXStandalone target not found
Refreshing native plugins compatible for Editor in 0.38 ms, found 1 plugins.
Preloading 0 native plugins for Editor in 0.00 ms.
Mono: successfully reloaded assembly
- Completed reload, in  1.120 seconds
Platform modules already initialized, skipping
Refreshing native plugins compatible for Editor in 0.51 ms, found 1 plugins.
Preloading 0 native plugins for Editor in 0.00 ms.
Unloading 2658 Unused Serialized files (Serialized files now loaded: 0)
System memory in use before: 188.9 MB.
System memory in use after: 189.0 MB.

Unloading 11 unused Assets to reduce memory usage. Loaded Objects now: 3133.
Total: 2.260350 ms (FindLiveObjects: 0.211102 ms CreateObjectMapping: 0.092469 ms MarkObjects: 1.905589 ms  DeleteObjects: 0.049543 ms)

========================================================================
Received Prepare
Registering precompiled user dll's ...
Registered in 0.002577 seconds.
Begin MonoManager ReloadAssembly
Native extension for OSXStandalone target not found
Refreshing native plugins compatible for Editor in 0.64 ms, found 1 plugins.
Preloading 0 native plugins for Editor in 0.00 ms.
Mono: successfully reloaded assembly
- Completed reload, in  1.107 seconds
Platform modules already initialized, skipping
Refreshing native plugins compatible for Editor in 0.42 ms, found 1 plugins.
Preloading 0 native plugins for Editor in 0.00 ms.
Unloading 2658 Unused Serialized files (Serialized files now loaded: 0)
System memory in use before: 189.0 MB.
System memory in use after: 189.2 MB.

Unloading 10 unused Assets to reduce memory usage. Loaded Objects now: 3136.
Total: 1.902562 ms (FindLiveObjects: 0.204425 ms CreateObjectMapping: 0.101146 ms MarkObjects: 1.546147 ms  DeleteObjects: 0.049618 ms)

========================================================================
Received Prepare
Registering precompiled user dll's ...
Registered in 0.002683 seconds.
Begin MonoManager ReloadAssembly
Native extension for OSXStandalone target not found
Refreshing native plugins compatible for Editor in 0.52 ms, found 1 plugins.
Preloading 0 native plugins for Editor in 0.00 ms.
Mono: successfully reloaded assembly
- Completed reload, in  1.074 seconds
Platform modules already initialized, skipping
Refreshing native plugins compatible for Editor in 0.40 ms, found 1 plugins.
Preloading 0 native plugins for Editor in 0.00 ms.
Unloading 2658 Unused Serialized files (Serialized files now loaded: 0)
System memory in use before: 189.2 MB.
System memory in use after: 189.4 MB.

Unloading 10 unused Assets to reduce memory usage. Loaded Objects now: 3139.
Total: 2.310823 ms (FindLiveObjects: 0.206717 ms CreateObjectMapping: 0.085622 ms MarkObjects: 1.966553 ms  DeleteObjects: 0.049405 ms)

========================================================================
Received Import Request.
  Time since last request: 530.613630 seconds.
  path: Assets/Animations/Pickup_Spin.anim
  artifactKey: Guid(c516d7df2a98041e3bfbaa987cfc755e) Importer(815301076,1909f56bfc062723c751e8b465ee728b)
Start importing Assets/Animations/Pickup_Spin.anim using Guid(c516d7df2a98041e3bfbaa987cfc755e) Importer(815301076,1909f56bfc062723c751e8b465ee728b)  -> (artifact id: 'f2e6b29771c160648613d01aab4ecc79') in 0.017314 seconds 
========================================================================
Received Prepare
Registering precompiled user dll's ...
Registered in 0.008473 seconds.
Begin MonoManager ReloadAssembly
Native extension for OSXStandalone target not found
Refreshing native plugins compatible for Editor in 0.39 ms, found 1 plugins.
Preloading 0 native plugins for Editor in 0.00 ms.
Mono: successfully reloaded assembly
- Completed reload, in  1.112 seconds
Platform modules already initialized, skipping
Refreshing native plugins compatible for Editor in 0.40 ms, found 1 plugins.
Preloading 0 native plugins for Editor in 0.00 ms.
Unloading 2658 Unused Serialized files (Serialized files now loaded: 0)
System memory in use before: 189.4 MB.
System memory in use after: 189.6 MB.

Unloading 10 unused Assets to reduce memory usage. Loaded Objects now: 3142.
Total: 1.839423 ms (FindLiveObjects: 0.214860 ms CreateObjectMapping: 0.102864 ms MarkObjects: 1.472572 ms  DeleteObjects: 0.047909 ms)

========================================================================
Received Prepare
Registering precompiled user dll's ...
Registered in 0.002463 seconds.
Begin MonoManager ReloadAssembly
Native extension for OSXStandalone target not found
Refreshing native plugins compatible for Editor in 0.39 ms, found 1 plugins.
Preloading 0 native plugins for Editor in 0.00 ms.
Mono: successfully reloaded assembly
- Completed reload, in  1.086 seconds
Platform modules already initialized, skipping
Refreshing native plugins compatible for Editor in 0.42 ms, found 1 plugins.
Preloading 0 native plugins for Editor in 0.00 ms.
Unloading 2658 Unused Serialized files (Serialized files now loaded: 0)
System memory in use before: 189.6 MB.
System memory in use after: 189.8 MB.

Unloading 10 unused Assets to reduce memory usage. Loaded Objects now: 3145.
Total: 2.131966 ms (FindLiveObjects: 0.348650 ms CreateObjectMapping: 0.163205 ms MarkObjects: 1.523141 ms  DeleteObjects: 0.095893 ms)

========================================================================
Received Prepare
Registering precompiled user dll's ...
Registered in 0.002563 seconds.
Begin MonoManager ReloadAssembly
Native extension for OSXStandalone target not found
Refreshing native plugins compatible for Editor in 0.60 ms, found 1 plugins.
Preloading 0 native plugins for Editor in 0.00 ms.
Mono: successfully reloaded assembly
- Completed reload, in  1.287 seconds
Platform modules already initialized, skipping
Refreshing native plugins compatible for Editor in 0.46 ms, found 1 plugins.
Preloading 0 native plugins for Editor in 0.00 ms.
Unloading 2658 Unused Serialized files (Serialized files now loaded: 0)
System memory in use before: 189.8 MB.
System memory in use after: 190.0 MB.

Unloading 10 unused Assets to reduce memory usage. Loaded Objects now: 3148.
Total: 2.017250 ms (FindLiveObjects: 0.217867 ms CreateObjectMapping: 0.123092 ms MarkObjects: 1.621900 ms  DeleteObjects: 0.053149 ms)

AssetImportWorkerClient::OnTransportError - code=2 error=End of file
