Using pre-set license

 COMMAND LINE ARGUMENTS:
/Applications/Unity/Hub/Editor/2021.1.0b8/Unity.app/Contents/MacOS/Unity
-adb2
-batchMode
-noUpm
-name
AssetImportWorker0
-projectPath
/Users/harrisonferrone/Desktop/Hero_Born
-logFile
Logs/AssetImportWorker0.log
-srvPort
57310
Successfully changed project path to: /Users/harrisonferrone/Desktop/Hero_Born
/Users/harrisonferrone/Desktop/Hero_Born
Using Asset Import Pipeline V2.
Refreshing native plugins compatible for Editor in 95.05 ms, found 1 plugins.
Preloading 0 native plugins for Editor in 0.00 ms.
Initialize engine version: 2021.1.0b8 (4a0a5fc962a9)
[Subsystems] Discovering subsystems at path /Applications/Unity/Hub/Editor/2021.1.0b8/Unity.app/Contents/Resources/UnitySubsystems
[Subsystems] Discovering subsystems at path /Users/harrisonferrone/Desktop/Hero_Born/Assets
GfxDevice: creating device client; threaded=0; jobified=0
2021-02-28 16:34:30.318 Unity[41844:1175521] Color LCD preferred device: Intel(R) Iris(TM) Plus Graphics (low power)
2021-02-28 16:34:30.318 Unity[41844:1175521] Metal devices available: 1
2021-02-28 16:34:30.319 Unity[41844:1175521] 0: Intel(R) Iris(TM) Plus Graphics (low power)
2021-02-28 16:34:30.319 Unity[41844:1175521] Using device Intel(R) Iris(TM) Plus Graphics (low power)
Initializing Metal device caps: Intel(R) Iris(TM) Plus Graphics
Initialize mono
Mono path[0] = '/Applications/Unity/Hub/Editor/2021.1.0b8/Unity.app/Contents/Managed'
Mono path[1] = '/Applications/Unity/Hub/Editor/2021.1.0b8/Unity.app/Contents/MonoBleedingEdge/lib/mono/unityjit'
Mono config path = '/Applications/Unity/Hub/Editor/2021.1.0b8/Unity.app/Contents/MonoBleedingEdge/etc'
Using monoOptions --debugger-agent=transport=dt_socket,embedding=1,server=y,suspend=n,address=127.0.0.1:56844
Begin MonoManager ReloadAssembly
Registering precompiled unity dll's ...
Register platform support module: /Applications/Unity/Hub/Editor/2021.1.0b8/Unity.app/Contents/PlaybackEngines/MacStandaloneSupport/UnityEditor.OSXStandalone.Extensions.dll
Registered in 0.001117 seconds.
Native extension for OSXStandalone target not found
Refreshing native plugins compatible for Editor in 97.76 ms, found 1 plugins.
Preloading 0 native plugins for Editor in 0.00 ms.
Mono: successfully reloaded assembly
- Completed reload, in  4.073 seconds
Platform modules already initialized, skipping
Registering precompiled user dll's ...
Registered in 0.003533 seconds.
Begin MonoManager ReloadAssembly
Native extension for OSXStandalone target not found
Refreshing native plugins compatible for Editor in 0.69 ms, found 1 plugins.
Preloading 0 native plugins for Editor in 0.00 ms.
Mono: successfully reloaded assembly
- Completed reload, in  1.525 seconds
Platform modules already initialized, skipping
========================================================================
Worker process is ready to serve import requests
Launching external process: /Applications/Unity/Hub/Editor/2021.1.0b8/Unity.app/Contents/Tools/UnityShaderCompiler
Launched and connected shader compiler UnityShaderCompiler after 0.02 seconds
Refreshing native plugins compatible for Editor in 0.98 ms, found 1 plugins.
Preloading 0 native plugins for Editor in 0.00 ms.
Unloading 2660 Unused Serialized files (Serialized files now loaded: 0)
System memory in use before: 166.8 MB.
System memory in use after: 166.9 MB.

Unloading 15 unused Assets to reduce memory usage. Loaded Objects now: 3111.
Total: 1.967879 ms (FindLiveObjects: 0.237951 ms CreateObjectMapping: 0.112759 ms MarkObjects: 1.529261 ms  DeleteObjects: 0.086937 ms)

========================================================================
Received Import Request.
  path: Assets/Scripts/LearningCurve.cs
  artifactKey: Guid(217ec36133fa4403ba779eb5136247ee) Importer(815301076,1909f56bfc062723c751e8b465ee728b)
Start importing Assets/Scripts/LearningCurve.cs using Guid(217ec36133fa4403ba779eb5136247ee) Importer(815301076,1909f56bfc062723c751e8b465ee728b)  -> (artifact id: '662d86bbdd5436d03f1961df2b460279') in 0.444619 seconds 
========================================================================
Received Import Request.
  Time since last request: 1772.208251 seconds.
  path: Assets/Scripts/LearningCurve.cs
  artifactKey: Guid(217ec36133fa4403ba779eb5136247ee) Importer(815301076,1909f56bfc062723c751e8b465ee728b)
Start importing Assets/Scripts/LearningCurve.cs using Guid(217ec36133fa4403ba779eb5136247ee) Importer(815301076,1909f56bfc062723c751e8b465ee728b)  -> (artifact id: '1b07ffa7743e4764add7ecc9f126c429') in 0.005206 seconds 
========================================================================
Received Prepare
Registering precompiled user dll's ...
Registered in 0.001984 seconds.
Begin MonoManager ReloadAssembly
Native extension for OSXStandalone target not found
Refreshing native plugins compatible for Editor in 0.39 ms, found 1 plugins.
Preloading 0 native plugins for Editor in 0.00 ms.
Mono: successfully reloaded assembly
- Completed reload, in  0.924 seconds
Platform modules already initialized, skipping
Refreshing native plugins compatible for Editor in 0.40 ms, found 1 plugins.
Preloading 0 native plugins for Editor in 0.00 ms.
Unloading 2655 Unused Serialized files (Serialized files now loaded: 0)
System memory in use before: 171.3 MB.
System memory in use after: 171.5 MB.

Unloading 10 unused Assets to reduce memory usage. Loaded Objects now: 3114.
Total: 1.676695 ms (FindLiveObjects: 0.218543 ms CreateObjectMapping: 0.084064 ms MarkObjects: 1.318173 ms  DeleteObjects: 0.053528 ms)

========================================================================
Received Import Request.
  Time since last request: 39.574887 seconds.
  path: Assets/Scripts/LearningCurve.cs
  artifactKey: Guid(217ec36133fa4403ba779eb5136247ee) Importer(815301076,1909f56bfc062723c751e8b465ee728b)
Start importing Assets/Scripts/LearningCurve.cs using Guid(217ec36133fa4403ba779eb5136247ee) Importer(815301076,1909f56bfc062723c751e8b465ee728b)  -> (artifact id: 'd3d4f0f05195114b9a0f021089434e97') in 0.007511 seconds 
========================================================================
Received Prepare
Registering precompiled user dll's ...
Registered in 0.002334 seconds.
Begin MonoManager ReloadAssembly
Native extension for OSXStandalone target not found
Refreshing native plugins compatible for Editor in 0.51 ms, found 1 plugins.
Preloading 0 native plugins for Editor in 0.00 ms.
Mono: successfully reloaded assembly
- Completed reload, in  0.974 seconds
Platform modules already initialized, skipping
Refreshing native plugins compatible for Editor in 0.40 ms, found 1 plugins.
Preloading 0 native plugins for Editor in 0.00 ms.
Unloading 2655 Unused Serialized files (Serialized files now loaded: 0)
System memory in use before: 171.6 MB.
System memory in use after: 171.7 MB.

Unloading 10 unused Assets to reduce memory usage. Loaded Objects now: 3117.
Total: 1.963891 ms (FindLiveObjects: 0.362556 ms CreateObjectMapping: 0.102496 ms MarkObjects: 1.436522 ms  DeleteObjects: 0.060692 ms)

