Using pre-set license

 COMMAND LINE ARGUMENTS:
/Applications/Unity/Hub/Editor/2021.1.0b8/Unity.app/Contents/MacOS/Unity
-adb2
-batchMode
-noUpm
-name
AssetImportWorker0
-projectPath
/Users/harrisonferrone/Desktop/Hero_Born
-logFile
Logs/AssetImportWorker0.log
-srvPort
56355
Successfully changed project path to: /Users/harrisonferrone/Desktop/Hero_Born
/Users/harrisonferrone/Desktop/Hero_Born
Using Asset Import Pipeline V2.
Refreshing native plugins compatible for Editor in 107.99 ms, found 1 plugins.
Preloading 0 native plugins for Editor in 0.00 ms.
Initialize engine version: 2021.1.0b8 (4a0a5fc962a9)
[Subsystems] Discovering subsystems at path /Applications/Unity/Hub/Editor/2021.1.0b8/Unity.app/Contents/Resources/UnitySubsystems
[Subsystems] Discovering subsystems at path /Users/harrisonferrone/Desktop/Hero_Born/Assets
GfxDevice: creating device client; threaded=0; jobified=0
2021-03-17 18:11:06.778 Unity[22229:3642390] Color LCD preferred device: Intel(R) Iris(TM) Plus Graphics (low power)
2021-03-17 18:11:06.778 Unity[22229:3642390] Metal devices available: 1
2021-03-17 18:11:06.778 Unity[22229:3642390] 0: Intel(R) Iris(TM) Plus Graphics (low power)
2021-03-17 18:11:06.778 Unity[22229:3642390] Using device Intel(R) Iris(TM) Plus Graphics (low power)
Initializing Metal device caps: Intel(R) Iris(TM) Plus Graphics
Initialize mono
Mono path[0] = '/Applications/Unity/Hub/Editor/2021.1.0b8/Unity.app/Contents/Managed'
Mono path[1] = '/Applications/Unity/Hub/Editor/2021.1.0b8/Unity.app/Contents/MonoBleedingEdge/lib/mono/unityjit'
Mono config path = '/Applications/Unity/Hub/Editor/2021.1.0b8/Unity.app/Contents/MonoBleedingEdge/etc'
Using monoOptions --debugger-agent=transport=dt_socket,embedding=1,server=y,suspend=n,address=127.0.0.1:56229
Begin MonoManager ReloadAssembly
Registering precompiled unity dll's ...
Register platform support module: /Applications/Unity/Hub/Editor/2021.1.0b8/Unity.app/Contents/PlaybackEngines/MacStandaloneSupport/UnityEditor.OSXStandalone.Extensions.dll
Registered in 0.001827 seconds.
Native extension for OSXStandalone target not found
Refreshing native plugins compatible for Editor in 90.07 ms, found 1 plugins.
Preloading 0 native plugins for Editor in 0.00 ms.
Mono: successfully reloaded assembly
- Completed reload, in  3.514 seconds
Platform modules already initialized, skipping
Registering precompiled user dll's ...
Registered in 0.005914 seconds.
Begin MonoManager ReloadAssembly
Native extension for OSXStandalone target not found
Refreshing native plugins compatible for Editor in 0.50 ms, found 1 plugins.
Preloading 0 native plugins for Editor in 0.00 ms.
Mono: successfully reloaded assembly
- Completed reload, in  1.467 seconds
Platform modules already initialized, skipping
========================================================================
Worker process is ready to serve import requests
Launching external process: /Applications/Unity/Hub/Editor/2021.1.0b8/Unity.app/Contents/Tools/UnityShaderCompiler
Launched and connected shader compiler UnityShaderCompiler after 0.02 seconds
Refreshing native plugins compatible for Editor in 0.49 ms, found 1 plugins.
Preloading 0 native plugins for Editor in 0.00 ms.
Unloading 2667 Unused Serialized files (Serialized files now loaded: 0)
System memory in use before: 167.4 MB.
System memory in use after: 167.6 MB.

Unloading 15 unused Assets to reduce memory usage. Loaded Objects now: 3119.
Total: 2.246803 ms (FindLiveObjects: 0.340697 ms CreateObjectMapping: 0.119411 ms MarkObjects: 1.707226 ms  DeleteObjects: 0.077594 ms)

========================================================================
Received Import Request.
  path: Assets/Scripts/PlayerBehavior.cs
  artifactKey: Guid(d5a7cf5b168844a1ba3f16fdf7e377e5) Importer(815301076,1909f56bfc062723c751e8b465ee728b)
Start importing Assets/Scripts/PlayerBehavior.cs using Guid(d5a7cf5b168844a1ba3f16fdf7e377e5) Importer(815301076,1909f56bfc062723c751e8b465ee728b)  -> (artifact id: '4161795b26921becb28efe3e01daff81') in 0.464888 seconds 
========================================================================
Received Prepare
Registering precompiled user dll's ...
Registered in 0.003544 seconds.
Begin MonoManager ReloadAssembly
Native extension for OSXStandalone target not found
Refreshing native plugins compatible for Editor in 0.56 ms, found 1 plugins.
Preloading 0 native plugins for Editor in 0.00 ms.
Mono: successfully reloaded assembly
- Completed reload, in  1.152 seconds
Platform modules already initialized, skipping
Refreshing native plugins compatible for Editor in 0.42 ms, found 1 plugins.
Preloading 0 native plugins for Editor in 0.00 ms.
Unloading 2662 Unused Serialized files (Serialized files now loaded: 0)
System memory in use before: 172.0 MB.
System memory in use after: 172.2 MB.

Unloading 10 unused Assets to reduce memory usage. Loaded Objects now: 3122.
Total: 2.031667 ms (FindLiveObjects: 0.295807 ms CreateObjectMapping: 0.096016 ms MarkObjects: 1.582968 ms  DeleteObjects: 0.055616 ms)

========================================================================
Received Import Request.
  Time since last request: 89.547272 seconds.
  path: Assets/Scripts/PlayerBehavior.cs
  artifactKey: Guid(d5a7cf5b168844a1ba3f16fdf7e377e5) Importer(815301076,1909f56bfc062723c751e8b465ee728b)
Start importing Assets/Scripts/PlayerBehavior.cs using Guid(d5a7cf5b168844a1ba3f16fdf7e377e5) Importer(815301076,1909f56bfc062723c751e8b465ee728b)  -> (artifact id: 'ae989c10a70fb032ac471a7d3b641e3c') in 0.010505 seconds 
========================================================================
Received Import Request.
  Time since last request: 20.404175 seconds.
  path: ProjectSettings/TagManager.asset
  artifactKey: Guid(00000000000000003000000000000000) Importer(815301076,1909f56bfc062723c751e8b465ee728b)
Start importing ProjectSettings/TagManager.asset using Guid(00000000000000003000000000000000) Importer(815301076,1909f56bfc062723c751e8b465ee728b)  -> (artifact id: '210d23aa264ff8e8c7e6efc6920fe554') in 1.307639 seconds 
========================================================================
Received Prepare
Registering precompiled user dll's ...
Registered in 0.003198 seconds.
Begin MonoManager ReloadAssembly
Native extension for OSXStandalone target not found
Refreshing native plugins compatible for Editor in 0.59 ms, found 1 plugins.
Preloading 0 native plugins for Editor in 0.00 ms.
Mono: successfully reloaded assembly
- Completed reload, in  1.275 seconds
Platform modules already initialized, skipping
Refreshing native plugins compatible for Editor in 0.40 ms, found 1 plugins.
Preloading 0 native plugins for Editor in 0.00 ms.
Unloading 2662 Unused Serialized files (Serialized files now loaded: 0)
System memory in use before: 176.5 MB.
System memory in use after: 176.7 MB.

Unloading 11 unused Assets to reduce memory usage. Loaded Objects now: 3125.
Total: 2.814157 ms (FindLiveObjects: 0.329152 ms CreateObjectMapping: 0.160498 ms MarkObjects: 2.229737 ms  DeleteObjects: 0.093271 ms)

========================================================================
Received Prepare
Registering precompiled user dll's ...
Registered in 0.006251 seconds.
Begin MonoManager ReloadAssembly
Native extension for OSXStandalone target not found
Refreshing native plugins compatible for Editor in 0.62 ms, found 1 plugins.
Preloading 0 native plugins for Editor in 0.00 ms.
Mono: successfully reloaded assembly
- Completed reload, in  1.064 seconds
Platform modules already initialized, skipping
Refreshing native plugins compatible for Editor in 0.48 ms, found 1 plugins.
Preloading 0 native plugins for Editor in 0.00 ms.
Unloading 2662 Unused Serialized files (Serialized files now loaded: 0)
System memory in use before: 176.7 MB.
System memory in use after: 176.9 MB.

Unloading 10 unused Assets to reduce memory usage. Loaded Objects now: 3128.
Total: 2.749419 ms (FindLiveObjects: 0.243056 ms CreateObjectMapping: 0.090484 ms MarkObjects: 2.351757 ms  DeleteObjects: 0.062649 ms)

========================================================================
Received Import Request.
  Time since last request: 621.019987 seconds.
  path: Assets/Prefabs/Bullet.prefab
  artifactKey: Guid(a146a17815a82496e83b7d3154b48e3f) Importer(815301076,1909f56bfc062723c751e8b465ee728b)
Start importing Assets/Prefabs/Bullet.prefab using Guid(a146a17815a82496e83b7d3154b48e3f) Importer(815301076,1909f56bfc062723c751e8b465ee728b)  -> (artifact id: '0325cef3580fd7b4684963e9e9fc8888') in 0.775343 seconds 
========================================================================
Received Prepare
Registering precompiled user dll's ...
Registered in 0.003827 seconds.
Begin MonoManager ReloadAssembly
Native extension for OSXStandalone target not found
Refreshing native plugins compatible for Editor in 0.44 ms, found 1 plugins.
Preloading 0 native plugins for Editor in 0.00 ms.
Mono: successfully reloaded assembly
- Completed reload, in  1.200 seconds
Platform modules already initialized, skipping
Refreshing native plugins compatible for Editor in 0.39 ms, found 1 plugins.
Preloading 0 native plugins for Editor in 0.00 ms.
Unloading 2662 Unused Serialized files (Serialized files now loaded: 0)
System memory in use before: 185.2 MB.
System memory in use after: 185.4 MB.

Unloading 10 unused Assets to reduce memory usage. Loaded Objects now: 3139.
Total: 2.255410 ms (FindLiveObjects: 0.220496 ms CreateObjectMapping: 0.096981 ms MarkObjects: 1.887006 ms  DeleteObjects: 0.049756 ms)

========================================================================
Received Prepare
Registering precompiled user dll's ...
Registered in 0.004249 seconds.
Begin MonoManager ReloadAssembly
Native extension for OSXStandalone target not found
Refreshing native plugins compatible for Editor in 0.40 ms, found 1 plugins.
Preloading 0 native plugins for Editor in 0.00 ms.
Mono: successfully reloaded assembly
- Completed reload, in  1.012 seconds
Platform modules already initialized, skipping
Refreshing native plugins compatible for Editor in 0.44 ms, found 1 plugins.
Preloading 0 native plugins for Editor in 0.00 ms.
Unloading 2662 Unused Serialized files (Serialized files now loaded: 0)
System memory in use before: 185.4 MB.
System memory in use after: 185.6 MB.

Unloading 10 unused Assets to reduce memory usage. Loaded Objects now: 3142.
Total: 1.912581 ms (FindLiveObjects: 0.226565 ms CreateObjectMapping: 0.092352 ms MarkObjects: 1.543430 ms  DeleteObjects: 0.049004 ms)

========================================================================
Received Import Request.
  Time since last request: 425.316418 seconds.
  path: Assets/Scripts/PlayerBehavior.cs
  artifactKey: Guid(d5a7cf5b168844a1ba3f16fdf7e377e5) Importer(815301076,1909f56bfc062723c751e8b465ee728b)
Start importing Assets/Scripts/PlayerBehavior.cs using Guid(d5a7cf5b168844a1ba3f16fdf7e377e5) Importer(815301076,1909f56bfc062723c751e8b465ee728b)  -> (artifact id: '34c9a86889c33a0d19d097e8e9ce44f2') in 0.009042 seconds 
========================================================================
Received Import Request.
  Time since last request: 6.246251 seconds.
  path: Assets/Scripts/BulletBehavior.cs
  artifactKey: Guid(a9be290b68f794086926b57dc0230f0d) Importer(815301076,1909f56bfc062723c751e8b465ee728b)
Start importing Assets/Scripts/BulletBehavior.cs using Guid(a9be290b68f794086926b57dc0230f0d) Importer(815301076,1909f56bfc062723c751e8b465ee728b)  -> (artifact id: 'b32c66afab5efa020717aabf6700a431') in 0.005962 seconds 
========================================================================
Received Prepare
Registering precompiled user dll's ...
Registered in 0.003318 seconds.
Begin MonoManager ReloadAssembly
Native extension for OSXStandalone target not found
Refreshing native plugins compatible for Editor in 0.54 ms, found 1 plugins.
Preloading 0 native plugins for Editor in 0.00 ms.
Mono: successfully reloaded assembly
- Completed reload, in  1.209 seconds
Platform modules already initialized, skipping
Refreshing native plugins compatible for Editor in 0.41 ms, found 1 plugins.
Preloading 0 native plugins for Editor in 0.00 ms.
Unloading 2663 Unused Serialized files (Serialized files now loaded: 0)
System memory in use before: 185.7 MB.
System memory in use after: 185.8 MB.

Unloading 10 unused Assets to reduce memory usage. Loaded Objects now: 3146.
Total: 2.157455 ms (FindLiveObjects: 0.353113 ms CreateObjectMapping: 0.152388 ms MarkObjects: 1.598231 ms  DeleteObjects: 0.052067 ms)

========================================================================
Received Prepare
Registering precompiled user dll's ...
Registered in 0.003307 seconds.
Begin MonoManager ReloadAssembly
Native extension for OSXStandalone target not found
Refreshing native plugins compatible for Editor in 0.51 ms, found 1 plugins.
Preloading 0 native plugins for Editor in 0.00 ms.
Mono: successfully reloaded assembly
- Completed reload, in  1.135 seconds
Platform modules already initialized, skipping
Refreshing native plugins compatible for Editor in 0.41 ms, found 1 plugins.
Preloading 0 native plugins for Editor in 0.00 ms.
Unloading 2663 Unused Serialized files (Serialized files now loaded: 0)
System memory in use before: 185.9 MB.
System memory in use after: 186.0 MB.

Unloading 10 unused Assets to reduce memory usage. Loaded Objects now: 3149.
Total: 2.293636 ms (FindLiveObjects: 0.318690 ms CreateObjectMapping: 0.151781 ms MarkObjects: 1.768974 ms  DeleteObjects: 0.052201 ms)

========================================================================
Received Import Request.
  Time since last request: 95.629159 seconds.
  path: Assets/Prefabs/Bullet.prefab
  artifactKey: Guid(a146a17815a82496e83b7d3154b48e3f) Importer(815301076,1909f56bfc062723c751e8b465ee728b)
Start importing Assets/Prefabs/Bullet.prefab using Guid(a146a17815a82496e83b7d3154b48e3f) Importer(815301076,1909f56bfc062723c751e8b465ee728b)  -> (artifact id: '6348717e515773b9a81bcf694f3c430d') in 0.081700 seconds 
========================================================================
Received Prepare
Registering precompiled user dll's ...
Registered in 0.003683 seconds.
Begin MonoManager ReloadAssembly
Native extension for OSXStandalone target not found
Refreshing native plugins compatible for Editor in 0.42 ms, found 1 plugins.
Preloading 0 native plugins for Editor in 0.00 ms.
Mono: successfully reloaded assembly
- Completed reload, in  1.151 seconds
Platform modules already initialized, skipping
Refreshing native plugins compatible for Editor in 0.48 ms, found 1 plugins.
Preloading 0 native plugins for Editor in 0.00 ms.
Unloading 2663 Unused Serialized files (Serialized files now loaded: 0)
System memory in use before: 186.1 MB.
System memory in use after: 186.3 MB.

Unloading 10 unused Assets to reduce memory usage. Loaded Objects now: 3153.
Total: 1.815371 ms (FindLiveObjects: 0.221157 ms CreateObjectMapping: 0.080088 ms MarkObjects: 1.450635 ms  DeleteObjects: 0.062314 ms)

========================================================================
Received Import Request.
  Time since last request: 70.034417 seconds.
  path: Assets/Scripts/GameBehavior.cs
  artifactKey: Guid(2ab0976b95b7a4906b0b54ccc66ddf33) Importer(815301076,1909f56bfc062723c751e8b465ee728b)
Start importing Assets/Scripts/GameBehavior.cs using Guid(2ab0976b95b7a4906b0b54ccc66ddf33) Importer(815301076,1909f56bfc062723c751e8b465ee728b)  -> (artifact id: 'b5fc6fe933a68250e50ceece4704d423') in 0.009555 seconds 
========================================================================
Received Prepare
Registering precompiled user dll's ...
Registered in 0.003578 seconds.
Begin MonoManager ReloadAssembly
Native extension for OSXStandalone target not found
Refreshing native plugins compatible for Editor in 0.40 ms, found 1 plugins.
Preloading 0 native plugins for Editor in 0.00 ms.
Mono: successfully reloaded assembly
- Completed reload, in  1.048 seconds
Platform modules already initialized, skipping
Refreshing native plugins compatible for Editor in 0.40 ms, found 1 plugins.
Preloading 0 native plugins for Editor in 0.00 ms.
Unloading 2664 Unused Serialized files (Serialized files now loaded: 0)
System memory in use before: 186.3 MB.
System memory in use after: 186.5 MB.

Unloading 10 unused Assets to reduce memory usage. Loaded Objects now: 3157.
Total: 1.787314 ms (FindLiveObjects: 0.199477 ms CreateObjectMapping: 0.090050 ms MarkObjects: 1.446827 ms  DeleteObjects: 0.049520 ms)

========================================================================
Received Prepare
Registering precompiled user dll's ...
Registered in 0.003052 seconds.
Begin MonoManager ReloadAssembly
Native extension for OSXStandalone target not found
Refreshing native plugins compatible for Editor in 0.53 ms, found 1 plugins.
Preloading 0 native plugins for Editor in 0.00 ms.
Mono: successfully reloaded assembly
- Completed reload, in  1.044 seconds
Platform modules already initialized, skipping
Refreshing native plugins compatible for Editor in 0.67 ms, found 1 plugins.
Preloading 0 native plugins for Editor in 0.00 ms.
Unloading 2664 Unused Serialized files (Serialized files now loaded: 0)
System memory in use before: 186.5 MB.
System memory in use after: 186.7 MB.

Unloading 10 unused Assets to reduce memory usage. Loaded Objects now: 3160.
Total: 2.430624 ms (FindLiveObjects: 0.302349 ms CreateObjectMapping: 0.141993 ms MarkObjects: 1.896785 ms  DeleteObjects: 0.087852 ms)

========================================================================
Received Import Request.
  Time since last request: 69.311071 seconds.
  path: Assets/Scripts/GameBehavior.cs
  artifactKey: Guid(2ab0976b95b7a4906b0b54ccc66ddf33) Importer(815301076,1909f56bfc062723c751e8b465ee728b)
Start importing Assets/Scripts/GameBehavior.cs using Guid(2ab0976b95b7a4906b0b54ccc66ddf33) Importer(815301076,1909f56bfc062723c751e8b465ee728b)  -> (artifact id: '834d999dc34c74e5a251c517c6ee2d0f') in 0.007522 seconds 
========================================================================
Received Prepare
Registering precompiled user dll's ...
Registered in 0.007792 seconds.
Begin MonoManager ReloadAssembly
Native extension for OSXStandalone target not found
Refreshing native plugins compatible for Editor in 0.44 ms, found 1 plugins.
Preloading 0 native plugins for Editor in 0.00 ms.
Mono: successfully reloaded assembly
- Completed reload, in  1.187 seconds
Platform modules already initialized, skipping
Refreshing native plugins compatible for Editor in 0.39 ms, found 1 plugins.
Preloading 0 native plugins for Editor in 0.00 ms.
Unloading 2664 Unused Serialized files (Serialized files now loaded: 0)
System memory in use before: 186.7 MB.
System memory in use after: 186.9 MB.

Unloading 10 unused Assets to reduce memory usage. Loaded Objects now: 3163.
Total: 2.355979 ms (FindLiveObjects: 0.286766 ms CreateObjectMapping: 0.117478 ms MarkObjects: 1.897466 ms  DeleteObjects: 0.052527 ms)

========================================================================
Received Prepare
Registering precompiled user dll's ...
Registered in 0.002530 seconds.
Begin MonoManager ReloadAssembly
Native extension for OSXStandalone target not found
Refreshing native plugins compatible for Editor in 0.47 ms, found 1 plugins.
Preloading 0 native plugins for Editor in 0.00 ms.
Mono: successfully reloaded assembly
- Completed reload, in  1.100 seconds
Platform modules already initialized, skipping
Refreshing native plugins compatible for Editor in 0.43 ms, found 1 plugins.
Preloading 0 native plugins for Editor in 0.00 ms.
Unloading 2664 Unused Serialized files (Serialized files now loaded: 0)
System memory in use before: 186.9 MB.
System memory in use after: 187.1 MB.

Unloading 10 unused Assets to reduce memory usage. Loaded Objects now: 3166.
Total: 2.005420 ms (FindLiveObjects: 0.220540 ms CreateObjectMapping: 0.080286 ms MarkObjects: 1.649279 ms  DeleteObjects: 0.053382 ms)

========================================================================
Received Prepare
Registering precompiled user dll's ...
Registered in 0.003021 seconds.
Begin MonoManager ReloadAssembly
Native extension for OSXStandalone target not found
Refreshing native plugins compatible for Editor in 0.59 ms, found 1 plugins.
Preloading 0 native plugins for Editor in 0.00 ms.
Mono: successfully reloaded assembly
- Completed reload, in  1.333 seconds
Platform modules already initialized, skipping
Refreshing native plugins compatible for Editor in 0.42 ms, found 1 plugins.
Preloading 0 native plugins for Editor in 0.00 ms.
Unloading 2664 Unused Serialized files (Serialized files now loaded: 0)
System memory in use before: 187.1 MB.
System memory in use after: 187.3 MB.

Unloading 10 unused Assets to reduce memory usage. Loaded Objects now: 3169.
Total: 2.215880 ms (FindLiveObjects: 0.248585 ms CreateObjectMapping: 0.104060 ms MarkObjects: 1.802799 ms  DeleteObjects: 0.058667 ms)

========================================================================
Received Prepare
Registering precompiled user dll's ...
Registered in 0.002333 seconds.
Begin MonoManager ReloadAssembly
Native extension for OSXStandalone target not found
Refreshing native plugins compatible for Editor in 0.90 ms, found 1 plugins.
Preloading 0 native plugins for Editor in 0.00 ms.
Mono: successfully reloaded assembly
- Completed reload, in  1.163 seconds
Platform modules already initialized, skipping
Refreshing native plugins compatible for Editor in 0.47 ms, found 1 plugins.
Preloading 0 native plugins for Editor in 0.00 ms.
Unloading 2664 Unused Serialized files (Serialized files now loaded: 0)
System memory in use before: 187.3 MB.
System memory in use after: 187.5 MB.

Unloading 10 unused Assets to reduce memory usage. Loaded Objects now: 3172.
Total: 2.642560 ms (FindLiveObjects: 0.321092 ms CreateObjectMapping: 0.133535 ms MarkObjects: 2.134388 ms  DeleteObjects: 0.051832 ms)

========================================================================
Received Prepare
Registering precompiled user dll's ...
Registered in 0.008226 seconds.
Begin MonoManager ReloadAssembly
Native extension for OSXStandalone target not found
Refreshing native plugins compatible for Editor in 0.42 ms, found 1 plugins.
Preloading 0 native plugins for Editor in 0.00 ms.
Mono: successfully reloaded assembly
- Completed reload, in  1.149 seconds
Platform modules already initialized, skipping
Refreshing native plugins compatible for Editor in 0.50 ms, found 1 plugins.
Preloading 0 native plugins for Editor in 0.00 ms.
Unloading 2664 Unused Serialized files (Serialized files now loaded: 0)
System memory in use before: 187.5 MB.
System memory in use after: 187.7 MB.

Unloading 10 unused Assets to reduce memory usage. Loaded Objects now: 3175.
Total: 2.127322 ms (FindLiveObjects: 0.244529 ms CreateObjectMapping: 0.101755 ms MarkObjects: 1.728275 ms  DeleteObjects: 0.051712 ms)

========================================================================
Received Prepare
Registering precompiled user dll's ...
Registered in 0.008934 seconds.
Begin MonoManager ReloadAssembly
Native extension for OSXStandalone target not found
Refreshing native plugins compatible for Editor in 0.45 ms, found 1 plugins.
Preloading 0 native plugins for Editor in 0.00 ms.
Mono: successfully reloaded assembly
- Completed reload, in  1.213 seconds
Platform modules already initialized, skipping
Refreshing native plugins compatible for Editor in 0.40 ms, found 1 plugins.
Preloading 0 native plugins for Editor in 0.00 ms.
Unloading 2664 Unused Serialized files (Serialized files now loaded: 0)
System memory in use before: 187.7 MB.
System memory in use after: 187.9 MB.

Unloading 10 unused Assets to reduce memory usage. Loaded Objects now: 3178.
Total: 2.207915 ms (FindLiveObjects: 0.260842 ms CreateObjectMapping: 0.112605 ms MarkObjects: 1.776890 ms  DeleteObjects: 0.056348 ms)

========================================================================
Received Prepare
Registering precompiled user dll's ...
Registered in 0.002248 seconds.
Begin MonoManager ReloadAssembly
Native extension for OSXStandalone target not found
Refreshing native plugins compatible for Editor in 0.49 ms, found 1 plugins.
Preloading 0 native plugins for Editor in 0.00 ms.
Mono: successfully reloaded assembly
- Completed reload, in  1.137 seconds
Platform modules already initialized, skipping
Refreshing native plugins compatible for Editor in 0.40 ms, found 1 plugins.
Preloading 0 native plugins for Editor in 0.00 ms.
Unloading 2664 Unused Serialized files (Serialized files now loaded: 0)
System memory in use before: 187.9 MB.
System memory in use after: 188.1 MB.

Unloading 10 unused Assets to reduce memory usage. Loaded Objects now: 3181.
Total: 2.401191 ms (FindLiveObjects: 0.340344 ms CreateObjectMapping: 0.175949 ms MarkObjects: 1.831137 ms  DeleteObjects: 0.052482 ms)

========================================================================
Received Prepare
Registering precompiled user dll's ...
Registered in 0.007789 seconds.
Begin MonoManager ReloadAssembly
Native extension for OSXStandalone target not found
Refreshing native plugins compatible for Editor in 0.61 ms, found 1 plugins.
Preloading 0 native plugins for Editor in 0.00 ms.
Mono: successfully reloaded assembly
- Completed reload, in  1.131 seconds
Platform modules already initialized, skipping
Refreshing native plugins compatible for Editor in 0.41 ms, found 1 plugins.
Preloading 0 native plugins for Editor in 0.00 ms.
Unloading 2664 Unused Serialized files (Serialized files now loaded: 0)
System memory in use before: 188.1 MB.
System memory in use after: 188.3 MB.

Unloading 10 unused Assets to reduce memory usage. Loaded Objects now: 3184.
Total: 2.147425 ms (FindLiveObjects: 0.245563 ms CreateObjectMapping: 0.088327 ms MarkObjects: 1.746871 ms  DeleteObjects: 0.065059 ms)

========================================================================
Received Prepare
Registering precompiled user dll's ...
Registered in 0.002362 seconds.
Begin MonoManager ReloadAssembly
Native extension for OSXStandalone target not found
Refreshing native plugins compatible for Editor in 0.47 ms, found 1 plugins.
Preloading 0 native plugins for Editor in 0.00 ms.
Mono: successfully reloaded assembly
- Completed reload, in  1.164 seconds
Platform modules already initialized, skipping
Refreshing native plugins compatible for Editor in 0.40 ms, found 1 plugins.
Preloading 0 native plugins for Editor in 0.00 ms.
Unloading 2664 Unused Serialized files (Serialized files now loaded: 0)
System memory in use before: 188.3 MB.
System memory in use after: 188.5 MB.

Unloading 10 unused Assets to reduce memory usage. Loaded Objects now: 3187.
Total: 2.585749 ms (FindLiveObjects: 0.377007 ms CreateObjectMapping: 0.126935 ms MarkObjects: 2.027875 ms  DeleteObjects: 0.052552 ms)

========================================================================
Received Prepare
Registering precompiled user dll's ...
Registered in 0.003520 seconds.
Begin MonoManager ReloadAssembly
Native extension for OSXStandalone target not found
Refreshing native plugins compatible for Editor in 0.42 ms, found 1 plugins.
Preloading 0 native plugins for Editor in 0.00 ms.
Mono: successfully reloaded assembly
- Completed reload, in  1.082 seconds
Platform modules already initialized, skipping
Refreshing native plugins compatible for Editor in 0.40 ms, found 1 plugins.
Preloading 0 native plugins for Editor in 0.00 ms.
Unloading 2664 Unused Serialized files (Serialized files now loaded: 0)
System memory in use before: 188.5 MB.
System memory in use after: 188.7 MB.

Unloading 10 unused Assets to reduce memory usage. Loaded Objects now: 3190.
Total: 1.982100 ms (FindLiveObjects: 0.332314 ms CreateObjectMapping: 0.106969 ms MarkObjects: 1.492780 ms  DeleteObjects: 0.048657 ms)

========================================================================
Received Prepare
Registering precompiled user dll's ...
Registered in 0.008747 seconds.
Begin MonoManager ReloadAssembly
Native extension for OSXStandalone target not found
Refreshing native plugins compatible for Editor in 0.40 ms, found 1 plugins.
Preloading 0 native plugins for Editor in 0.00 ms.
Mono: successfully reloaded assembly
- Completed reload, in  1.092 seconds
Platform modules already initialized, skipping
Refreshing native plugins compatible for Editor in 0.43 ms, found 1 plugins.
Preloading 0 native plugins for Editor in 0.00 ms.
Unloading 2664 Unused Serialized files (Serialized files now loaded: 0)
System memory in use before: 188.7 MB.
System memory in use after: 188.9 MB.

Unloading 10 unused Assets to reduce memory usage. Loaded Objects now: 3193.
Total: 2.423921 ms (FindLiveObjects: 0.355457 ms CreateObjectMapping: 0.176938 ms MarkObjects: 1.828397 ms  DeleteObjects: 0.059104 ms)

========================================================================
Received Prepare
Registering precompiled user dll's ...
Registered in 0.002135 seconds.
Begin MonoManager ReloadAssembly
Native extension for OSXStandalone target not found
Refreshing native plugins compatible for Editor in 0.40 ms, found 1 plugins.
Preloading 0 native plugins for Editor in 0.00 ms.
Mono: successfully reloaded assembly
- Completed reload, in  1.068 seconds
Platform modules already initialized, skipping
Refreshing native plugins compatible for Editor in 0.40 ms, found 1 plugins.
Preloading 0 native plugins for Editor in 0.00 ms.
Unloading 2664 Unused Serialized files (Serialized files now loaded: 0)
System memory in use before: 188.9 MB.
System memory in use after: 189.1 MB.

Unloading 10 unused Assets to reduce memory usage. Loaded Objects now: 3196.
Total: 2.841774 ms (FindLiveObjects: 0.337348 ms CreateObjectMapping: 0.182773 ms MarkObjects: 2.266983 ms  DeleteObjects: 0.052721 ms)

========================================================================
Received Prepare
Registering precompiled user dll's ...
Registered in 0.002455 seconds.
Begin MonoManager ReloadAssembly
Native extension for OSXStandalone target not found
Refreshing native plugins compatible for Editor in 0.43 ms, found 1 plugins.
Preloading 0 native plugins for Editor in 0.00 ms.
Mono: successfully reloaded assembly
- Completed reload, in  0.977 seconds
Platform modules already initialized, skipping
Refreshing native plugins compatible for Editor in 0.39 ms, found 1 plugins.
Preloading 0 native plugins for Editor in 0.00 ms.
Unloading 2664 Unused Serialized files (Serialized files now loaded: 0)
System memory in use before: 189.1 MB.
System memory in use after: 189.3 MB.

Unloading 10 unused Assets to reduce memory usage. Loaded Objects now: 3199.
Total: 1.914760 ms (FindLiveObjects: 0.334772 ms CreateObjectMapping: 0.139486 ms MarkObjects: 1.387453 ms  DeleteObjects: 0.051812 ms)

========================================================================
Received Prepare
Registering precompiled user dll's ...
Registered in 0.002241 seconds.
Begin MonoManager ReloadAssembly
Native extension for OSXStandalone target not found
Refreshing native plugins compatible for Editor in 0.47 ms, found 1 plugins.
Preloading 0 native plugins for Editor in 0.00 ms.
Mono: successfully reloaded assembly
- Completed reload, in  1.077 seconds
Platform modules already initialized, skipping
Refreshing native plugins compatible for Editor in 0.43 ms, found 1 plugins.
Preloading 0 native plugins for Editor in 0.00 ms.
Unloading 2664 Unused Serialized files (Serialized files now loaded: 0)
System memory in use before: 189.3 MB.
System memory in use after: 189.5 MB.

Unloading 10 unused Assets to reduce memory usage. Loaded Objects now: 3202.
Total: 2.251360 ms (FindLiveObjects: 0.317017 ms CreateObjectMapping: 0.168257 ms MarkObjects: 1.700900 ms  DeleteObjects: 0.063727 ms)

========================================================================
Received Prepare
Registering precompiled user dll's ...
Registered in 0.008543 seconds.
Begin MonoManager ReloadAssembly
Native extension for OSXStandalone target not found
Refreshing native plugins compatible for Editor in 0.39 ms, found 1 plugins.
Preloading 0 native plugins for Editor in 0.00 ms.
Mono: successfully reloaded assembly
- Completed reload, in  1.088 seconds
Platform modules already initialized, skipping
Refreshing native plugins compatible for Editor in 0.39 ms, found 1 plugins.
Preloading 0 native plugins for Editor in 0.00 ms.
Unloading 2664 Unused Serialized files (Serialized files now loaded: 0)
System memory in use before: 189.5 MB.
System memory in use after: 189.7 MB.

Unloading 10 unused Assets to reduce memory usage. Loaded Objects now: 3205.
Total: 1.846877 ms (FindLiveObjects: 0.277247 ms CreateObjectMapping: 0.113728 ms MarkObjects: 1.406496 ms  DeleteObjects: 0.048354 ms)

========================================================================
Received Prepare
Registering precompiled user dll's ...
Registered in 0.009119 seconds.
Begin MonoManager ReloadAssembly
Native extension for OSXStandalone target not found
Refreshing native plugins compatible for Editor in 0.39 ms, found 1 plugins.
Preloading 0 native plugins for Editor in 0.00 ms.
Mono: successfully reloaded assembly
- Completed reload, in  1.039 seconds
Platform modules already initialized, skipping
Refreshing native plugins compatible for Editor in 0.48 ms, found 1 plugins.
Preloading 0 native plugins for Editor in 0.00 ms.
Unloading 2664 Unused Serialized files (Serialized files now loaded: 0)
System memory in use before: 189.7 MB.
System memory in use after: 189.9 MB.

Unloading 10 unused Assets to reduce memory usage. Loaded Objects now: 3208.
Total: 2.039275 ms (FindLiveObjects: 0.240012 ms CreateObjectMapping: 0.098708 ms MarkObjects: 1.636048 ms  DeleteObjects: 0.063074 ms)

