Using pre-set license

 COMMAND LINE ARGUMENTS:
/Applications/Unity/Hub/Editor/2021.1.0b8/Unity.app/Contents/MacOS/Unity
-adb2
-batchMode
-noUpm
-name
AssetImportWorker0
-projectPath
/Users/harrisonferrone/Desktop/Hero_Born
-logFile
Logs/AssetImportWorker0.log
-srvPort
51534
Successfully changed project path to: /Users/harrisonferrone/Desktop/Hero_Born
/Users/harrisonferrone/Desktop/Hero_Born
Using Asset Import Pipeline V2.
Refreshing native plugins compatible for Editor in 77.46 ms, found 1 plugins.
Preloading 0 native plugins for Editor in 0.00 ms.
Initialize engine version: 2021.1.0b8 (4a0a5fc962a9)
[Subsystems] Discovering subsystems at path /Applications/Unity/Hub/Editor/2021.1.0b8/Unity.app/Contents/Resources/UnitySubsystems
[Subsystems] Discovering subsystems at path /Users/harrisonferrone/Desktop/Hero_Born/Assets
GfxDevice: creating device client; threaded=0; jobified=0
2021-02-28 20:58:17.514 Unity[57285:1411749] Color LCD preferred device: Intel(R) Iris(TM) Plus Graphics (low power)
2021-02-28 20:58:17.514 Unity[57285:1411749] Metal devices available: 1
2021-02-28 20:58:17.514 Unity[57285:1411749] 0: Intel(R) Iris(TM) Plus Graphics (low power)
2021-02-28 20:58:17.514 Unity[57285:1411749] Using device Intel(R) Iris(TM) Plus Graphics (low power)
Initializing Metal device caps: Intel(R) Iris(TM) Plus Graphics
Initialize mono
Mono path[0] = '/Applications/Unity/Hub/Editor/2021.1.0b8/Unity.app/Contents/Managed'
Mono path[1] = '/Applications/Unity/Hub/Editor/2021.1.0b8/Unity.app/Contents/MonoBleedingEdge/lib/mono/unityjit'
Mono config path = '/Applications/Unity/Hub/Editor/2021.1.0b8/Unity.app/Contents/MonoBleedingEdge/etc'
Using monoOptions --debugger-agent=transport=dt_socket,embedding=1,server=y,suspend=n,address=127.0.0.1:56285
Begin MonoManager ReloadAssembly
Registering precompiled unity dll's ...
Register platform support module: /Applications/Unity/Hub/Editor/2021.1.0b8/Unity.app/Contents/PlaybackEngines/MacStandaloneSupport/UnityEditor.OSXStandalone.Extensions.dll
Registered in 0.002602 seconds.
Native extension for OSXStandalone target not found
Refreshing native plugins compatible for Editor in 70.00 ms, found 1 plugins.
Preloading 0 native plugins for Editor in 0.00 ms.
Mono: successfully reloaded assembly
- Completed reload, in  3.699 seconds
Platform modules already initialized, skipping
Registering precompiled user dll's ...
Registered in 0.002378 seconds.
Begin MonoManager ReloadAssembly
Native extension for OSXStandalone target not found
Refreshing native plugins compatible for Editor in 0.39 ms, found 1 plugins.
Preloading 0 native plugins for Editor in 0.00 ms.
Mono: successfully reloaded assembly
- Completed reload, in  1.101 seconds
Platform modules already initialized, skipping
========================================================================
Worker process is ready to serve import requests
Launching external process: /Applications/Unity/Hub/Editor/2021.1.0b8/Unity.app/Contents/Tools/UnityShaderCompiler
Launched and connected shader compiler UnityShaderCompiler after 0.02 seconds
Refreshing native plugins compatible for Editor in 0.39 ms, found 1 plugins.
Preloading 0 native plugins for Editor in 0.00 ms.
Unloading 2660 Unused Serialized files (Serialized files now loaded: 0)
System memory in use before: 166.7 MB.
System memory in use after: 166.9 MB.

Unloading 15 unused Assets to reduce memory usage. Loaded Objects now: 3111.
Total: 2.543889 ms (FindLiveObjects: 0.221377 ms CreateObjectMapping: 0.091334 ms MarkObjects: 2.103279 ms  DeleteObjects: 0.126014 ms)

========================================================================
Received Import Request.
  path: Assets/Scripts/LearningCurve.cs
  artifactKey: Guid(217ec36133fa4403ba779eb5136247ee) Importer(815301076,1909f56bfc062723c751e8b465ee728b)
Start importing Assets/Scripts/LearningCurve.cs using Guid(217ec36133fa4403ba779eb5136247ee) Importer(815301076,1909f56bfc062723c751e8b465ee728b)  -> (artifact id: 'dd6755584547329e9384901540bca96b') in 0.389221 seconds 
========================================================================
Received Import Request.
  Time since last request: 5.438884 seconds.
  path: Assets/Scripts/LearningCurve.cs
  artifactKey: Guid(217ec36133fa4403ba779eb5136247ee) Importer(815301076,1909f56bfc062723c751e8b465ee728b)
Start importing Assets/Scripts/LearningCurve.cs using Guid(217ec36133fa4403ba779eb5136247ee) Importer(815301076,1909f56bfc062723c751e8b465ee728b)  -> (artifact id: 'd7ba531d7ae6f7957ca4da76d5cee80e') in 0.007891 seconds 
========================================================================
Received Prepare
Registering precompiled user dll's ...
Registered in 0.002567 seconds.
Begin MonoManager ReloadAssembly
Native extension for OSXStandalone target not found
Refreshing native plugins compatible for Editor in 0.39 ms, found 1 plugins.
Preloading 0 native plugins for Editor in 0.00 ms.
Mono: successfully reloaded assembly
- Completed reload, in  0.975 seconds
Platform modules already initialized, skipping
Refreshing native plugins compatible for Editor in 0.41 ms, found 1 plugins.
Preloading 0 native plugins for Editor in 0.00 ms.
Unloading 2655 Unused Serialized files (Serialized files now loaded: 0)
System memory in use before: 171.3 MB.
System memory in use after: 171.4 MB.

Unloading 10 unused Assets to reduce memory usage. Loaded Objects now: 3114.
Total: 2.345446 ms (FindLiveObjects: 0.423826 ms CreateObjectMapping: 0.264558 ms MarkObjects: 1.599033 ms  DeleteObjects: 0.056003 ms)

========================================================================
Received Import Request.
  Time since last request: 60.173132 seconds.
  path: Assets/Scripts/LearningCurve.cs
  artifactKey: Guid(217ec36133fa4403ba779eb5136247ee) Importer(815301076,1909f56bfc062723c751e8b465ee728b)
Start importing Assets/Scripts/LearningCurve.cs using Guid(217ec36133fa4403ba779eb5136247ee) Importer(815301076,1909f56bfc062723c751e8b465ee728b)  -> (artifact id: '9c9d892d1c4517dfb58c856c3cc4c693') in 0.011853 seconds 
========================================================================
Received Prepare
Registering precompiled user dll's ...
Registered in 0.002484 seconds.
Begin MonoManager ReloadAssembly
Native extension for OSXStandalone target not found
Refreshing native plugins compatible for Editor in 0.40 ms, found 1 plugins.
Preloading 0 native plugins for Editor in 0.00 ms.
Mono: successfully reloaded assembly
- Completed reload, in  1.006 seconds
Platform modules already initialized, skipping
Refreshing native plugins compatible for Editor in 0.39 ms, found 1 plugins.
Preloading 0 native plugins for Editor in 0.00 ms.
Unloading 2655 Unused Serialized files (Serialized files now loaded: 0)
System memory in use before: 171.5 MB.
System memory in use after: 171.7 MB.

Unloading 10 unused Assets to reduce memory usage. Loaded Objects now: 3117.
Total: 2.187764 ms (FindLiveObjects: 0.254406 ms CreateObjectMapping: 0.108377 ms MarkObjects: 1.757487 ms  DeleteObjects: 0.065744 ms)

========================================================================
Received Import Request.
  Time since last request: 12.800015 seconds.
  path: Assets/Scripts/LearningCurve.cs
  artifactKey: Guid(217ec36133fa4403ba779eb5136247ee) Importer(815301076,1909f56bfc062723c751e8b465ee728b)
Start importing Assets/Scripts/LearningCurve.cs using Guid(217ec36133fa4403ba779eb5136247ee) Importer(815301076,1909f56bfc062723c751e8b465ee728b)  -> (artifact id: '83a42a60d62962c0d4eb386f8a4f720b') in 0.012560 seconds 
========================================================================
Received Prepare
Registering precompiled user dll's ...
Registered in 0.002477 seconds.
Begin MonoManager ReloadAssembly
Native extension for OSXStandalone target not found
Refreshing native plugins compatible for Editor in 0.39 ms, found 1 plugins.
Preloading 0 native plugins for Editor in 0.00 ms.
Mono: successfully reloaded assembly
- Completed reload, in  1.018 seconds
Platform modules already initialized, skipping
Refreshing native plugins compatible for Editor in 0.41 ms, found 1 plugins.
Preloading 0 native plugins for Editor in 0.00 ms.
Unloading 2655 Unused Serialized files (Serialized files now loaded: 0)
System memory in use before: 171.7 MB.
System memory in use after: 171.9 MB.

Unloading 10 unused Assets to reduce memory usage. Loaded Objects now: 3120.
Total: 2.385847 ms (FindLiveObjects: 0.299036 ms CreateObjectMapping: 0.152115 ms MarkObjects: 1.872496 ms  DeleteObjects: 0.060174 ms)

========================================================================
Received Import Request.
  Time since last request: 197.296366 seconds.
  path: Assets/Scripts/LearningCurve.cs
  artifactKey: Guid(217ec36133fa4403ba779eb5136247ee) Importer(815301076,1909f56bfc062723c751e8b465ee728b)
Start importing Assets/Scripts/LearningCurve.cs using Guid(217ec36133fa4403ba779eb5136247ee) Importer(815301076,1909f56bfc062723c751e8b465ee728b)  -> (artifact id: '24950a33259e4559e4450a312528e676') in 0.010918 seconds 
========================================================================
Received Prepare
Registering precompiled user dll's ...
Registered in 0.003311 seconds.
Begin MonoManager ReloadAssembly
Native extension for OSXStandalone target not found
Refreshing native plugins compatible for Editor in 0.42 ms, found 1 plugins.
Preloading 0 native plugins for Editor in 0.00 ms.
Mono: successfully reloaded assembly
- Completed reload, in  0.931 seconds
Platform modules already initialized, skipping
Refreshing native plugins compatible for Editor in 0.40 ms, found 1 plugins.
Preloading 0 native plugins for Editor in 0.00 ms.
Unloading 2655 Unused Serialized files (Serialized files now loaded: 0)
System memory in use before: 171.9 MB.
System memory in use after: 172.1 MB.

Unloading 10 unused Assets to reduce memory usage. Loaded Objects now: 3123.
Total: 1.759872 ms (FindLiveObjects: 0.193180 ms CreateObjectMapping: 0.090765 ms MarkObjects: 1.424160 ms  DeleteObjects: 0.050729 ms)

========================================================================
Received Import Request.
  Time since last request: 13.725361 seconds.
  path: Assets/Scripts/LearningCurve.cs
  artifactKey: Guid(217ec36133fa4403ba779eb5136247ee) Importer(815301076,1909f56bfc062723c751e8b465ee728b)
Start importing Assets/Scripts/LearningCurve.cs using Guid(217ec36133fa4403ba779eb5136247ee) Importer(815301076,1909f56bfc062723c751e8b465ee728b)  -> (artifact id: '0b1c7f467f6d9c659d99604e2d70025c') in 0.013199 seconds 
========================================================================
Received Prepare
Registering precompiled user dll's ...
Registered in 0.002403 seconds.
Begin MonoManager ReloadAssembly
Native extension for OSXStandalone target not found
Refreshing native plugins compatible for Editor in 0.66 ms, found 1 plugins.
Preloading 0 native plugins for Editor in 0.00 ms.
Mono: successfully reloaded assembly
- Completed reload, in  0.967 seconds
Platform modules already initialized, skipping
Refreshing native plugins compatible for Editor in 0.52 ms, found 1 plugins.
Preloading 0 native plugins for Editor in 0.00 ms.
Unloading 2655 Unused Serialized files (Serialized files now loaded: 0)
System memory in use before: 172.1 MB.
System memory in use after: 172.3 MB.

Unloading 10 unused Assets to reduce memory usage. Loaded Objects now: 3126.
Total: 2.670474 ms (FindLiveObjects: 0.276887 ms CreateObjectMapping: 0.174086 ms MarkObjects: 2.146420 ms  DeleteObjects: 0.071297 ms)

========================================================================
Received Import Request.
  Time since last request: 39.247962 seconds.
  path: Assets/Scripts/LearningCurve.cs
  artifactKey: Guid(217ec36133fa4403ba779eb5136247ee) Importer(815301076,1909f56bfc062723c751e8b465ee728b)
Start importing Assets/Scripts/LearningCurve.cs using Guid(217ec36133fa4403ba779eb5136247ee) Importer(815301076,1909f56bfc062723c751e8b465ee728b)  -> (artifact id: '1c6f366279ccd98d17c5dbd66474f229') in 0.010975 seconds 
========================================================================
Received Prepare
Registering precompiled user dll's ...
Registered in 0.002501 seconds.
Begin MonoManager ReloadAssembly
Native extension for OSXStandalone target not found
Refreshing native plugins compatible for Editor in 0.39 ms, found 1 plugins.
Preloading 0 native plugins for Editor in 0.00 ms.
Mono: successfully reloaded assembly
- Completed reload, in  0.989 seconds
Platform modules already initialized, skipping
Refreshing native plugins compatible for Editor in 0.40 ms, found 1 plugins.
Preloading 0 native plugins for Editor in 0.00 ms.
Unloading 2655 Unused Serialized files (Serialized files now loaded: 0)
System memory in use before: 172.3 MB.
System memory in use after: 172.5 MB.

Unloading 10 unused Assets to reduce memory usage. Loaded Objects now: 3129.
Total: 2.396512 ms (FindLiveObjects: 0.339858 ms CreateObjectMapping: 0.134941 ms MarkObjects: 1.847886 ms  DeleteObjects: 0.071618 ms)

========================================================================
Received Import Request.
  Time since last request: 10.787364 seconds.
  path: Assets/Scripts/LearningCurve.cs
  artifactKey: Guid(217ec36133fa4403ba779eb5136247ee) Importer(815301076,1909f56bfc062723c751e8b465ee728b)
Start importing Assets/Scripts/LearningCurve.cs using Guid(217ec36133fa4403ba779eb5136247ee) Importer(815301076,1909f56bfc062723c751e8b465ee728b)  -> (artifact id: 'e915bdcab63df6b9a6b25f2e1829d98b') in 0.012979 seconds 
========================================================================
Received Prepare
Registering precompiled user dll's ...
Registered in 0.002381 seconds.
Begin MonoManager ReloadAssembly
Native extension for OSXStandalone target not found
Refreshing native plugins compatible for Editor in 0.40 ms, found 1 plugins.
Preloading 0 native plugins for Editor in 0.00 ms.
Mono: successfully reloaded assembly
- Completed reload, in  0.995 seconds
Platform modules already initialized, skipping
Refreshing native plugins compatible for Editor in 0.40 ms, found 1 plugins.
Preloading 0 native plugins for Editor in 0.00 ms.
Unloading 2655 Unused Serialized files (Serialized files now loaded: 0)
System memory in use before: 172.5 MB.
System memory in use after: 172.6 MB.

Unloading 10 unused Assets to reduce memory usage. Loaded Objects now: 3132.
Total: 2.216371 ms (FindLiveObjects: 0.292357 ms CreateObjectMapping: 0.126400 ms MarkObjects: 1.727246 ms  DeleteObjects: 0.068358 ms)

========================================================================
Received Import Request.
  Time since last request: 49.278210 seconds.
  path: Assets/Scripts/LearningCurve.cs
  artifactKey: Guid(217ec36133fa4403ba779eb5136247ee) Importer(815301076,1909f56bfc062723c751e8b465ee728b)
Start importing Assets/Scripts/LearningCurve.cs using Guid(217ec36133fa4403ba779eb5136247ee) Importer(815301076,1909f56bfc062723c751e8b465ee728b)  -> (artifact id: 'f0babf339335abf8390458f288a59063') in 0.010715 seconds 
========================================================================
Received Prepare
Registering precompiled user dll's ...
Registered in 0.002218 seconds.
Begin MonoManager ReloadAssembly
Native extension for OSXStandalone target not found
Refreshing native plugins compatible for Editor in 0.39 ms, found 1 plugins.
Preloading 0 native plugins for Editor in 0.00 ms.
Mono: successfully reloaded assembly
- Completed reload, in  0.989 seconds
Platform modules already initialized, skipping
Refreshing native plugins compatible for Editor in 0.39 ms, found 1 plugins.
Preloading 0 native plugins for Editor in 0.00 ms.
Unloading 2655 Unused Serialized files (Serialized files now loaded: 0)
System memory in use before: 172.6 MB.
System memory in use after: 172.8 MB.

Unloading 10 unused Assets to reduce memory usage. Loaded Objects now: 3135.
Total: 2.173263 ms (FindLiveObjects: 0.343838 ms CreateObjectMapping: 0.125151 ms MarkObjects: 1.646475 ms  DeleteObjects: 0.055895 ms)

========================================================================
Received Import Request.
  Time since last request: 16.514630 seconds.
  path: Assets/Scripts/LearningCurve.cs
  artifactKey: Guid(217ec36133fa4403ba779eb5136247ee) Importer(815301076,1909f56bfc062723c751e8b465ee728b)
Start importing Assets/Scripts/LearningCurve.cs using Guid(217ec36133fa4403ba779eb5136247ee) Importer(815301076,1909f56bfc062723c751e8b465ee728b)  -> (artifact id: '829c5eca201adacbf321b515ad85f99b') in 0.010875 seconds 
========================================================================
Received Prepare
Registering precompiled user dll's ...
Registered in 0.002614 seconds.
Begin MonoManager ReloadAssembly
Native extension for OSXStandalone target not found
Refreshing native plugins compatible for Editor in 0.46 ms, found 1 plugins.
Preloading 0 native plugins for Editor in 0.00 ms.
Mono: successfully reloaded assembly
- Completed reload, in  0.997 seconds
Platform modules already initialized, skipping
Refreshing native plugins compatible for Editor in 0.46 ms, found 1 plugins.
Preloading 0 native plugins for Editor in 0.00 ms.
Unloading 2655 Unused Serialized files (Serialized files now loaded: 0)
System memory in use before: 172.8 MB.
System memory in use after: 173.0 MB.

Unloading 10 unused Assets to reduce memory usage. Loaded Objects now: 3138.
Total: 1.853730 ms (FindLiveObjects: 0.226043 ms CreateObjectMapping: 0.068210 ms MarkObjects: 1.504559 ms  DeleteObjects: 0.053153 ms)

========================================================================
Received Import Request.
  Time since last request: 265.562733 seconds.
  path: Assets/Scripts/LearningCurve.cs
  artifactKey: Guid(217ec36133fa4403ba779eb5136247ee) Importer(815301076,1909f56bfc062723c751e8b465ee728b)
Start importing Assets/Scripts/LearningCurve.cs using Guid(217ec36133fa4403ba779eb5136247ee) Importer(815301076,1909f56bfc062723c751e8b465ee728b)  -> (artifact id: '308359405ba1d9ae9186e7429406b3ed') in 0.010651 seconds 
========================================================================
Received Prepare
Registering precompiled user dll's ...
Registered in 0.002259 seconds.
Begin MonoManager ReloadAssembly
Native extension for OSXStandalone target not found
Refreshing native plugins compatible for Editor in 0.46 ms, found 1 plugins.
Preloading 0 native plugins for Editor in 0.00 ms.
Mono: successfully reloaded assembly
- Completed reload, in  0.986 seconds
Platform modules already initialized, skipping
Refreshing native plugins compatible for Editor in 0.40 ms, found 1 plugins.
Preloading 0 native plugins for Editor in 0.00 ms.
Unloading 2655 Unused Serialized files (Serialized files now loaded: 0)
System memory in use before: 173.0 MB.
System memory in use after: 173.2 MB.

Unloading 10 unused Assets to reduce memory usage. Loaded Objects now: 3141.
Total: 2.285176 ms (FindLiveObjects: 0.200509 ms CreateObjectMapping: 0.120806 ms MarkObjects: 1.878721 ms  DeleteObjects: 0.083046 ms)

========================================================================
Received Import Request.
  Time since last request: 5.615030 seconds.
  path: Assets/Scripts/LearningCurve.cs
  artifactKey: Guid(217ec36133fa4403ba779eb5136247ee) Importer(815301076,1909f56bfc062723c751e8b465ee728b)
Start importing Assets/Scripts/LearningCurve.cs using Guid(217ec36133fa4403ba779eb5136247ee) Importer(815301076,1909f56bfc062723c751e8b465ee728b)  -> (artifact id: '11ab9c5ef1423afb00732c696894572f') in 0.013135 seconds 
========================================================================
Received Prepare
Registering precompiled user dll's ...
Registered in 0.002912 seconds.
Begin MonoManager ReloadAssembly
Native extension for OSXStandalone target not found
Refreshing native plugins compatible for Editor in 0.61 ms, found 1 plugins.
Preloading 0 native plugins for Editor in 0.00 ms.
Mono: successfully reloaded assembly
- Completed reload, in  0.991 seconds
Platform modules already initialized, skipping
Refreshing native plugins compatible for Editor in 0.40 ms, found 1 plugins.
Preloading 0 native plugins for Editor in 0.00 ms.
Unloading 2655 Unused Serialized files (Serialized files now loaded: 0)
System memory in use before: 173.2 MB.
System memory in use after: 173.4 MB.

Unloading 10 unused Assets to reduce memory usage. Loaded Objects now: 3144.
Total: 2.010319 ms (FindLiveObjects: 0.217676 ms CreateObjectMapping: 0.088447 ms MarkObjects: 1.640466 ms  DeleteObjects: 0.062187 ms)

========================================================================
Received Import Request.
  Time since last request: 78.940720 seconds.
  path: Assets/Scripts/LearningCurve.cs
  artifactKey: Guid(217ec36133fa4403ba779eb5136247ee) Importer(815301076,1909f56bfc062723c751e8b465ee728b)
Start importing Assets/Scripts/LearningCurve.cs using Guid(217ec36133fa4403ba779eb5136247ee) Importer(815301076,1909f56bfc062723c751e8b465ee728b)  -> (artifact id: 'd602a779627f2e928fadba1614e06ec8') in 0.010117 seconds 
========================================================================
Received Prepare
Registering precompiled user dll's ...
Registered in 0.002283 seconds.
Begin MonoManager ReloadAssembly
Native extension for OSXStandalone target not found
Refreshing native plugins compatible for Editor in 0.47 ms, found 1 plugins.
Preloading 0 native plugins for Editor in 0.00 ms.
Mono: successfully reloaded assembly
- Completed reload, in  1.086 seconds
Platform modules already initialized, skipping
Refreshing native plugins compatible for Editor in 0.63 ms, found 1 plugins.
Preloading 0 native plugins for Editor in 0.00 ms.
Unloading 2655 Unused Serialized files (Serialized files now loaded: 0)
System memory in use before: 173.4 MB.
System memory in use after: 173.6 MB.

Unloading 10 unused Assets to reduce memory usage. Loaded Objects now: 3147.
Total: 2.663916 ms (FindLiveObjects: 0.407774 ms CreateObjectMapping: 0.220527 ms MarkObjects: 1.971995 ms  DeleteObjects: 0.061603 ms)

========================================================================
Received Import Request.
  Time since last request: 7.338059 seconds.
  path: Assets/Scripts/LearningCurve.cs
  artifactKey: Guid(217ec36133fa4403ba779eb5136247ee) Importer(815301076,1909f56bfc062723c751e8b465ee728b)
Start importing Assets/Scripts/LearningCurve.cs using Guid(217ec36133fa4403ba779eb5136247ee) Importer(815301076,1909f56bfc062723c751e8b465ee728b)  -> (artifact id: '223ff6d4ec6d86f7498c3b4928cbfe0c') in 0.012583 seconds 
========================================================================
Received Prepare
Registering precompiled user dll's ...
Registered in 0.002404 seconds.
Begin MonoManager ReloadAssembly
Native extension for OSXStandalone target not found
Refreshing native plugins compatible for Editor in 0.39 ms, found 1 plugins.
Preloading 0 native plugins for Editor in 0.00 ms.
Mono: successfully reloaded assembly
- Completed reload, in  0.969 seconds
Platform modules already initialized, skipping
Refreshing native plugins compatible for Editor in 0.44 ms, found 1 plugins.
Preloading 0 native plugins for Editor in 0.00 ms.
Unloading 2655 Unused Serialized files (Serialized files now loaded: 0)
System memory in use before: 173.6 MB.
System memory in use after: 173.8 MB.

Unloading 10 unused Assets to reduce memory usage. Loaded Objects now: 3150.
Total: 2.889413 ms (FindLiveObjects: 0.473594 ms CreateObjectMapping: 0.144194 ms MarkObjects: 2.197340 ms  DeleteObjects: 0.072086 ms)

========================================================================
Received Prepare
Registering precompiled user dll's ...
Registered in 0.002401 seconds.
Begin MonoManager ReloadAssembly
Native extension for OSXStandalone target not found
Refreshing native plugins compatible for Editor in 0.40 ms, found 1 plugins.
Preloading 0 native plugins for Editor in 0.00 ms.
Mono: successfully reloaded assembly
- Completed reload, in  1.076 seconds
Platform modules already initialized, skipping
Refreshing native plugins compatible for Editor in 0.48 ms, found 1 plugins.
Preloading 0 native plugins for Editor in 0.00 ms.
Unloading 2655 Unused Serialized files (Serialized files now loaded: 0)
System memory in use before: 173.8 MB.
System memory in use after: 174.0 MB.

Unloading 10 unused Assets to reduce memory usage. Loaded Objects now: 3153.
Total: 1.698546 ms (FindLiveObjects: 0.185392 ms CreateObjectMapping: 0.080507 ms MarkObjects: 1.384356 ms  DeleteObjects: 0.047231 ms)

========================================================================
Received Import Request.
  Time since last request: 146.076054 seconds.
  path: Assets/Scripts/LearningCurve.cs
  artifactKey: Guid(217ec36133fa4403ba779eb5136247ee) Importer(815301076,1909f56bfc062723c751e8b465ee728b)
Start importing Assets/Scripts/LearningCurve.cs using Guid(217ec36133fa4403ba779eb5136247ee) Importer(815301076,1909f56bfc062723c751e8b465ee728b)  -> (artifact id: '9cede28789efe32594d63d43ad8093b1') in 0.010651 seconds 
========================================================================
Received Prepare
Registering precompiled user dll's ...
Registered in 0.002547 seconds.
Begin MonoManager ReloadAssembly
Native extension for OSXStandalone target not found
Refreshing native plugins compatible for Editor in 0.39 ms, found 1 plugins.
Preloading 0 native plugins for Editor in 0.00 ms.
Mono: successfully reloaded assembly
- Completed reload, in  0.982 seconds
Platform modules already initialized, skipping
Refreshing native plugins compatible for Editor in 0.38 ms, found 1 plugins.
Preloading 0 native plugins for Editor in 0.00 ms.
Unloading 2655 Unused Serialized files (Serialized files now loaded: 0)
System memory in use before: 174.0 MB.
System memory in use after: 174.2 MB.

Unloading 10 unused Assets to reduce memory usage. Loaded Objects now: 3156.
Total: 2.157928 ms (FindLiveObjects: 0.318568 ms CreateObjectMapping: 0.116566 ms MarkObjects: 1.662962 ms  DeleteObjects: 0.058152 ms)

========================================================================
Received Import Request.
  Time since last request: 58.111336 seconds.
  path: Assets/Scripts/LearningCurve.cs
  artifactKey: Guid(217ec36133fa4403ba779eb5136247ee) Importer(815301076,1909f56bfc062723c751e8b465ee728b)
Start importing Assets/Scripts/LearningCurve.cs using Guid(217ec36133fa4403ba779eb5136247ee) Importer(815301076,1909f56bfc062723c751e8b465ee728b)  -> (artifact id: '809f7eb2322e0bc598ccf166a5290456') in 0.009711 seconds 
========================================================================
Received Prepare
Registering precompiled user dll's ...
Registered in 0.002902 seconds.
Begin MonoManager ReloadAssembly
Native extension for OSXStandalone target not found
Refreshing native plugins compatible for Editor in 0.46 ms, found 1 plugins.
Preloading 0 native plugins for Editor in 0.00 ms.
Mono: successfully reloaded assembly
- Completed reload, in  0.976 seconds
Platform modules already initialized, skipping
Refreshing native plugins compatible for Editor in 0.47 ms, found 1 plugins.
Preloading 0 native plugins for Editor in 0.00 ms.
Unloading 2655 Unused Serialized files (Serialized files now loaded: 0)
System memory in use before: 174.2 MB.
System memory in use after: 174.3 MB.

Unloading 10 unused Assets to reduce memory usage. Loaded Objects now: 3159.
Total: 2.139081 ms (FindLiveObjects: 0.321845 ms CreateObjectMapping: 0.093208 ms MarkObjects: 1.668297 ms  DeleteObjects: 0.054119 ms)

========================================================================
Received Import Request.
  Time since last request: 372.988581 seconds.
  path: Assets/Scripts/LearningCurve.cs
  artifactKey: Guid(217ec36133fa4403ba779eb5136247ee) Importer(815301076,1909f56bfc062723c751e8b465ee728b)
Start importing Assets/Scripts/LearningCurve.cs using Guid(217ec36133fa4403ba779eb5136247ee) Importer(815301076,1909f56bfc062723c751e8b465ee728b)  -> (artifact id: '57af5b8df26f2f95ff66fda917117c06') in 0.009869 seconds 
========================================================================
Received Import Request.
  Time since last request: 26.237912 seconds.
  path: Assets/Scripts/LearningCurve.cs
  artifactKey: Guid(217ec36133fa4403ba779eb5136247ee) Importer(815301076,1909f56bfc062723c751e8b465ee728b)
Start importing Assets/Scripts/LearningCurve.cs using Guid(217ec36133fa4403ba779eb5136247ee) Importer(815301076,1909f56bfc062723c751e8b465ee728b)  -> (artifact id: 'aaebc8f83abac19f518a26e6a2eb8bec') in 0.004981 seconds 
========================================================================
Received Prepare
Registering precompiled user dll's ...
Registered in 0.002995 seconds.
Begin MonoManager ReloadAssembly
Native extension for OSXStandalone target not found
Refreshing native plugins compatible for Editor in 0.39 ms, found 1 plugins.
Preloading 0 native plugins for Editor in 0.00 ms.
Mono: successfully reloaded assembly
- Completed reload, in  0.971 seconds
Platform modules already initialized, skipping
Refreshing native plugins compatible for Editor in 0.38 ms, found 1 plugins.
Preloading 0 native plugins for Editor in 0.00 ms.
Unloading 2655 Unused Serialized files (Serialized files now loaded: 0)
System memory in use before: 174.3 MB.
System memory in use after: 174.5 MB.

Unloading 10 unused Assets to reduce memory usage. Loaded Objects now: 3162.
Total: 1.826995 ms (FindLiveObjects: 0.208705 ms CreateObjectMapping: 0.067079 ms MarkObjects: 1.490941 ms  DeleteObjects: 0.058318 ms)

========================================================================
Received Import Request.
  Time since last request: 41.020768 seconds.
  path: Assets/Scripts/LearningCurve.cs
  artifactKey: Guid(217ec36133fa4403ba779eb5136247ee) Importer(815301076,1909f56bfc062723c751e8b465ee728b)
Start importing Assets/Scripts/LearningCurve.cs using Guid(217ec36133fa4403ba779eb5136247ee) Importer(815301076,1909f56bfc062723c751e8b465ee728b)  -> (artifact id: '85a9a8caee66f466ddf75f13e7bacffe') in 0.011461 seconds 
========================================================================
Received Prepare
Registering precompiled user dll's ...
Registered in 0.002214 seconds.
Begin MonoManager ReloadAssembly
Native extension for OSXStandalone target not found
Refreshing native plugins compatible for Editor in 0.40 ms, found 1 plugins.
Preloading 0 native plugins for Editor in 0.00 ms.
Mono: successfully reloaded assembly
- Completed reload, in  0.961 seconds
Platform modules already initialized, skipping
Refreshing native plugins compatible for Editor in 0.40 ms, found 1 plugins.
Preloading 0 native plugins for Editor in 0.00 ms.
Unloading 2655 Unused Serialized files (Serialized files now loaded: 0)
System memory in use before: 174.5 MB.
System memory in use after: 174.7 MB.

Unloading 10 unused Assets to reduce memory usage. Loaded Objects now: 3165.
Total: 2.119232 ms (FindLiveObjects: 0.353127 ms CreateObjectMapping: 0.116714 ms MarkObjects: 1.580659 ms  DeleteObjects: 0.066814 ms)

========================================================================
Received Import Request.
  Time since last request: 127.841111 seconds.
  path: Assets/Scripts/LearningCurve.cs
  artifactKey: Guid(217ec36133fa4403ba779eb5136247ee) Importer(815301076,1909f56bfc062723c751e8b465ee728b)
Start importing Assets/Scripts/LearningCurve.cs using Guid(217ec36133fa4403ba779eb5136247ee) Importer(815301076,1909f56bfc062723c751e8b465ee728b)  -> (artifact id: 'b86671eeb2718cce65abd04f366ce938') in 0.010674 seconds 
========================================================================
Received Import Request.
  Time since last request: 2.547804 seconds.
  path: Assets/Scripts/LearningCurve.cs
  artifactKey: Guid(217ec36133fa4403ba779eb5136247ee) Importer(815301076,1909f56bfc062723c751e8b465ee728b)
Start importing Assets/Scripts/LearningCurve.cs using Guid(217ec36133fa4403ba779eb5136247ee) Importer(815301076,1909f56bfc062723c751e8b465ee728b)  -> (artifact id: 'cee593336d526199be7d99c4f9b482ac') in 0.008308 seconds 
========================================================================
Received Prepare
Registering precompiled user dll's ...
Registered in 0.002392 seconds.
Begin MonoManager ReloadAssembly
Native extension for OSXStandalone target not found
Refreshing native plugins compatible for Editor in 0.39 ms, found 1 plugins.
Preloading 0 native plugins for Editor in 0.00 ms.
Mono: successfully reloaded assembly
- Completed reload, in  1.108 seconds
Platform modules already initialized, skipping
Refreshing native plugins compatible for Editor in 0.38 ms, found 1 plugins.
Preloading 0 native plugins for Editor in 0.00 ms.
Unloading 2655 Unused Serialized files (Serialized files now loaded: 0)
System memory in use before: 174.7 MB.
System memory in use after: 174.9 MB.

Unloading 10 unused Assets to reduce memory usage. Loaded Objects now: 3168.
Total: 2.592513 ms (FindLiveObjects: 0.413783 ms CreateObjectMapping: 0.172494 ms MarkObjects: 1.937904 ms  DeleteObjects: 0.066373 ms)

========================================================================
Received Import Request.
  Time since last request: 389.924195 seconds.
  path: Assets/Scripts/LearningCurve.cs
  artifactKey: Guid(217ec36133fa4403ba779eb5136247ee) Importer(815301076,1909f56bfc062723c751e8b465ee728b)
Start importing Assets/Scripts/LearningCurve.cs using Guid(217ec36133fa4403ba779eb5136247ee) Importer(815301076,1909f56bfc062723c751e8b465ee728b)  -> (artifact id: '5720737ece3766f7a97fadc457764c4a') in 0.009531 seconds 
========================================================================
Received Prepare
Registering precompiled user dll's ...
Registered in 0.002107 seconds.
Begin MonoManager ReloadAssembly
Native extension for OSXStandalone target not found
Refreshing native plugins compatible for Editor in 0.51 ms, found 1 plugins.
Preloading 0 native plugins for Editor in 0.00 ms.
Mono: successfully reloaded assembly
- Completed reload, in  0.953 seconds
Platform modules already initialized, skipping
Refreshing native plugins compatible for Editor in 0.51 ms, found 1 plugins.
Preloading 0 native plugins for Editor in 0.00 ms.
Unloading 2655 Unused Serialized files (Serialized files now loaded: 0)
System memory in use before: 174.9 MB.
System memory in use after: 175.1 MB.

Unloading 10 unused Assets to reduce memory usage. Loaded Objects now: 3171.
Total: 2.350117 ms (FindLiveObjects: 0.276978 ms CreateObjectMapping: 0.136163 ms MarkObjects: 1.874766 ms  DeleteObjects: 0.060185 ms)

========================================================================
Received Import Request.
  Time since last request: 226.305644 seconds.
  path: Assets/Scripts/LearningCurve.cs
  artifactKey: Guid(217ec36133fa4403ba779eb5136247ee) Importer(815301076,1909f56bfc062723c751e8b465ee728b)
Start importing Assets/Scripts/LearningCurve.cs using Guid(217ec36133fa4403ba779eb5136247ee) Importer(815301076,1909f56bfc062723c751e8b465ee728b)  -> (artifact id: '6e2790f128ff08a7d796c36e5120b0a6') in 0.009586 seconds 
========================================================================
Received Prepare
Registering precompiled user dll's ...
Registered in 0.002127 seconds.
Begin MonoManager ReloadAssembly
Native extension for OSXStandalone target not found
Refreshing native plugins compatible for Editor in 0.39 ms, found 1 plugins.
Preloading 0 native plugins for Editor in 0.00 ms.
Mono: successfully reloaded assembly
- Completed reload, in  0.983 seconds
Platform modules already initialized, skipping
Refreshing native plugins compatible for Editor in 0.40 ms, found 1 plugins.
Preloading 0 native plugins for Editor in 0.00 ms.
Unloading 2655 Unused Serialized files (Serialized files now loaded: 0)
System memory in use before: 175.6 MB.
System memory in use after: 175.8 MB.

Unloading 10 unused Assets to reduce memory usage. Loaded Objects now: 3174.
Total: 2.202657 ms (FindLiveObjects: 0.283247 ms CreateObjectMapping: 0.078348 ms MarkObjects: 1.779710 ms  DeleteObjects: 0.059338 ms)

========================================================================
Received Import Request.
  Time since last request: 6.245876 seconds.
  path: Assets/Scripts/LearningCurve.cs
  artifactKey: Guid(217ec36133fa4403ba779eb5136247ee) Importer(815301076,1909f56bfc062723c751e8b465ee728b)
Start importing Assets/Scripts/LearningCurve.cs using Guid(217ec36133fa4403ba779eb5136247ee) Importer(815301076,1909f56bfc062723c751e8b465ee728b)  -> (artifact id: '1a8e90d14b889e9efe2d580080a38039') in 0.011994 seconds 
========================================================================
Received Prepare
Registering precompiled user dll's ...
Registered in 0.002545 seconds.
Begin MonoManager ReloadAssembly
Native extension for OSXStandalone target not found
Refreshing native plugins compatible for Editor in 0.54 ms, found 1 plugins.
Preloading 0 native plugins for Editor in 0.00 ms.
Mono: successfully reloaded assembly
- Completed reload, in  0.983 seconds
Platform modules already initialized, skipping
Refreshing native plugins compatible for Editor in 0.40 ms, found 1 plugins.
Preloading 0 native plugins for Editor in 0.00 ms.
Unloading 2655 Unused Serialized files (Serialized files now loaded: 0)
System memory in use before: 175.8 MB.
System memory in use after: 176.0 MB.

Unloading 10 unused Assets to reduce memory usage. Loaded Objects now: 3177.
Total: 2.150473 ms (FindLiveObjects: 0.321804 ms CreateObjectMapping: 0.131087 ms MarkObjects: 1.637215 ms  DeleteObjects: 0.058564 ms)

========================================================================
Received Import Request.
  Time since last request: 65.194507 seconds.
  path: Assets/Scripts/LearningCurve.cs
  artifactKey: Guid(217ec36133fa4403ba779eb5136247ee) Importer(815301076,1909f56bfc062723c751e8b465ee728b)
Start importing Assets/Scripts/LearningCurve.cs using Guid(217ec36133fa4403ba779eb5136247ee) Importer(815301076,1909f56bfc062723c751e8b465ee728b)  -> (artifact id: '11622d1f8b7f8332719d0229249ab5e0') in 0.008793 seconds 
========================================================================
Received Prepare
Registering precompiled user dll's ...
Registered in 0.002867 seconds.
Begin MonoManager ReloadAssembly
Native extension for OSXStandalone target not found
Refreshing native plugins compatible for Editor in 0.39 ms, found 1 plugins.
Preloading 0 native plugins for Editor in 0.00 ms.
Mono: successfully reloaded assembly
- Completed reload, in  0.971 seconds
Platform modules already initialized, skipping
Refreshing native plugins compatible for Editor in 0.41 ms, found 1 plugins.
Preloading 0 native plugins for Editor in 0.00 ms.
Unloading 2655 Unused Serialized files (Serialized files now loaded: 0)
System memory in use before: 176.0 MB.
System memory in use after: 176.2 MB.

Unloading 10 unused Assets to reduce memory usage. Loaded Objects now: 3180.
Total: 2.082182 ms (FindLiveObjects: 0.199626 ms CreateObjectMapping: 0.151302 ms MarkObjects: 1.673948 ms  DeleteObjects: 0.055439 ms)

========================================================================
Received Import Request.
  Time since last request: 8.084879 seconds.
  path: Assets/Scripts/LearningCurve.cs
  artifactKey: Guid(217ec36133fa4403ba779eb5136247ee) Importer(815301076,1909f56bfc062723c751e8b465ee728b)
Start importing Assets/Scripts/LearningCurve.cs using Guid(217ec36133fa4403ba779eb5136247ee) Importer(815301076,1909f56bfc062723c751e8b465ee728b)  -> (artifact id: '739932a422f6f28d50c52b535d0c055f') in 0.009718 seconds 
========================================================================
Received Prepare
Registering precompiled user dll's ...
Registered in 0.002372 seconds.
Begin MonoManager ReloadAssembly
Native extension for OSXStandalone target not found
Refreshing native plugins compatible for Editor in 0.39 ms, found 1 plugins.
Preloading 0 native plugins for Editor in 0.00 ms.
Mono: successfully reloaded assembly
- Completed reload, in  1.072 seconds
Platform modules already initialized, skipping
Refreshing native plugins compatible for Editor in 0.40 ms, found 1 plugins.
Preloading 0 native plugins for Editor in 0.00 ms.
Unloading 2655 Unused Serialized files (Serialized files now loaded: 0)
System memory in use before: 176.2 MB.
System memory in use after: 176.4 MB.

Unloading 10 unused Assets to reduce memory usage. Loaded Objects now: 3183.
Total: 2.176210 ms (FindLiveObjects: 0.333304 ms CreateObjectMapping: 0.132258 ms MarkObjects: 1.650480 ms  DeleteObjects: 0.058339 ms)

========================================================================
Received Import Request.
  Time since last request: 8.875925 seconds.
  path: Assets/Scripts/LearningCurve.cs
  artifactKey: Guid(217ec36133fa4403ba779eb5136247ee) Importer(815301076,1909f56bfc062723c751e8b465ee728b)
Start importing Assets/Scripts/LearningCurve.cs using Guid(217ec36133fa4403ba779eb5136247ee) Importer(815301076,1909f56bfc062723c751e8b465ee728b)  -> (artifact id: '83c67434598ce1c8bf1fd3481d6771c0') in 0.010981 seconds 
========================================================================
Received Prepare
Registering precompiled user dll's ...
Registered in 0.002566 seconds.
Begin MonoManager ReloadAssembly
Native extension for OSXStandalone target not found
Refreshing native plugins compatible for Editor in 0.46 ms, found 1 plugins.
Preloading 0 native plugins for Editor in 0.00 ms.
Mono: successfully reloaded assembly
- Completed reload, in  0.960 seconds
Platform modules already initialized, skipping
Refreshing native plugins compatible for Editor in 0.38 ms, found 1 plugins.
Preloading 0 native plugins for Editor in 0.00 ms.
Unloading 2655 Unused Serialized files (Serialized files now loaded: 0)
System memory in use before: 176.4 MB.
System memory in use after: 176.5 MB.

Unloading 10 unused Assets to reduce memory usage. Loaded Objects now: 3186.
Total: 2.132072 ms (FindLiveObjects: 0.311833 ms CreateObjectMapping: 0.125452 ms MarkObjects: 1.640859 ms  DeleteObjects: 0.052420 ms)

========================================================================
Received Import Request.
  Time since last request: 76.528006 seconds.
  path: Assets/Scripts/LearningCurve.cs
  artifactKey: Guid(217ec36133fa4403ba779eb5136247ee) Importer(815301076,1909f56bfc062723c751e8b465ee728b)
Start importing Assets/Scripts/LearningCurve.cs using Guid(217ec36133fa4403ba779eb5136247ee) Importer(815301076,1909f56bfc062723c751e8b465ee728b)  -> (artifact id: 'fbc9a859c4befbc9b300cfa6e4bc8dc1') in 0.009047 seconds 
========================================================================
Received Prepare
Registering precompiled user dll's ...
Registered in 0.003147 seconds.
Begin MonoManager ReloadAssembly
Native extension for OSXStandalone target not found
Refreshing native plugins compatible for Editor in 0.39 ms, found 1 plugins.
Preloading 0 native plugins for Editor in 0.00 ms.
Mono: successfully reloaded assembly
- Completed reload, in  0.992 seconds
Platform modules already initialized, skipping
Refreshing native plugins compatible for Editor in 0.45 ms, found 1 plugins.
Preloading 0 native plugins for Editor in 0.00 ms.
Unloading 2655 Unused Serialized files (Serialized files now loaded: 0)
System memory in use before: 176.5 MB.
System memory in use after: 176.7 MB.

Unloading 10 unused Assets to reduce memory usage. Loaded Objects now: 3189.
Total: 2.210532 ms (FindLiveObjects: 0.267519 ms CreateObjectMapping: 0.100227 ms MarkObjects: 1.788716 ms  DeleteObjects: 0.052440 ms)

========================================================================
Received Prepare
Registering precompiled user dll's ...
Registered in 0.006683 seconds.
Begin MonoManager ReloadAssembly
Native extension for OSXStandalone target not found
Refreshing native plugins compatible for Editor in 0.50 ms, found 1 plugins.
Preloading 0 native plugins for Editor in 0.00 ms.
Mono: successfully reloaded assembly
- Completed reload, in  1.072 seconds
Platform modules already initialized, skipping
Refreshing native plugins compatible for Editor in 0.40 ms, found 1 plugins.
Preloading 0 native plugins for Editor in 0.00 ms.
Unloading 2655 Unused Serialized files (Serialized files now loaded: 0)
System memory in use before: 176.7 MB.
System memory in use after: 176.9 MB.

Unloading 10 unused Assets to reduce memory usage. Loaded Objects now: 3192.
Total: 1.781834 ms (FindLiveObjects: 0.227953 ms CreateObjectMapping: 0.093381 ms MarkObjects: 1.409081 ms  DeleteObjects: 0.050470 ms)

========================================================================
Received Import Request.
  Time since last request: 374.347659 seconds.
  path: Assets/Scripts/LearningCurve.cs
  artifactKey: Guid(217ec36133fa4403ba779eb5136247ee) Importer(815301076,1909f56bfc062723c751e8b465ee728b)
Start importing Assets/Scripts/LearningCurve.cs using Guid(217ec36133fa4403ba779eb5136247ee) Importer(815301076,1909f56bfc062723c751e8b465ee728b)  -> (artifact id: '66f3f6439a7aa1fbfba3c507f941a969') in 0.007294 seconds 
========================================================================
Received Prepare
Registering precompiled user dll's ...
Registered in 0.002334 seconds.
Begin MonoManager ReloadAssembly
Native extension for OSXStandalone target not found
Refreshing native plugins compatible for Editor in 0.41 ms, found 1 plugins.
Preloading 0 native plugins for Editor in 0.00 ms.
Mono: successfully reloaded assembly
- Completed reload, in  0.952 seconds
Platform modules already initialized, skipping
Refreshing native plugins compatible for Editor in 0.39 ms, found 1 plugins.
Preloading 0 native plugins for Editor in 0.00 ms.
Unloading 2655 Unused Serialized files (Serialized files now loaded: 0)
System memory in use before: 176.9 MB.
System memory in use after: 177.1 MB.

Unloading 10 unused Assets to reduce memory usage. Loaded Objects now: 3195.
Total: 3.025789 ms (FindLiveObjects: 0.275273 ms CreateObjectMapping: 0.166764 ms MarkObjects: 2.494914 ms  DeleteObjects: 0.066260 ms)

========================================================================
Received Import Request.
  Time since last request: 23.982097 seconds.
  path: Assets/Scripts/LearningCurve.cs
  artifactKey: Guid(217ec36133fa4403ba779eb5136247ee) Importer(815301076,1909f56bfc062723c751e8b465ee728b)
Start importing Assets/Scripts/LearningCurve.cs using Guid(217ec36133fa4403ba779eb5136247ee) Importer(815301076,1909f56bfc062723c751e8b465ee728b)  -> (artifact id: '717e424a7ce21ce04f063b7567e88744') in 0.010611 seconds 
========================================================================
Received Prepare
Registering precompiled user dll's ...
Registered in 0.002242 seconds.
Begin MonoManager ReloadAssembly
Native extension for OSXStandalone target not found
Refreshing native plugins compatible for Editor in 0.52 ms, found 1 plugins.
Preloading 0 native plugins for Editor in 0.00 ms.
Mono: successfully reloaded assembly
- Completed reload, in  0.994 seconds
Platform modules already initialized, skipping
Refreshing native plugins compatible for Editor in 0.53 ms, found 1 plugins.
Preloading 0 native plugins for Editor in 0.00 ms.
Unloading 2655 Unused Serialized files (Serialized files now loaded: 0)
System memory in use before: 177.1 MB.
System memory in use after: 177.3 MB.

Unloading 10 unused Assets to reduce memory usage. Loaded Objects now: 3198.
Total: 2.368016 ms (FindLiveObjects: 0.283505 ms CreateObjectMapping: 0.135711 ms MarkObjects: 1.884121 ms  DeleteObjects: 0.062677 ms)

========================================================================
Received Import Request.
  Time since last request: 9.549299 seconds.
  path: Assets/Scripts/LearningCurve.cs
  artifactKey: Guid(217ec36133fa4403ba779eb5136247ee) Importer(815301076,1909f56bfc062723c751e8b465ee728b)
Start importing Assets/Scripts/LearningCurve.cs using Guid(217ec36133fa4403ba779eb5136247ee) Importer(815301076,1909f56bfc062723c751e8b465ee728b)  -> (artifact id: 'e9d3e4c0fd46ad909c54a0e2fed100c9') in 0.009662 seconds 
========================================================================
Received Prepare
Registering precompiled user dll's ...
Registered in 0.002132 seconds.
Begin MonoManager ReloadAssembly
Native extension for OSXStandalone target not found
Refreshing native plugins compatible for Editor in 0.42 ms, found 1 plugins.
Preloading 0 native plugins for Editor in 0.00 ms.
Mono: successfully reloaded assembly
- Completed reload, in  1.114 seconds
Platform modules already initialized, skipping
Refreshing native plugins compatible for Editor in 0.40 ms, found 1 plugins.
Preloading 0 native plugins for Editor in 0.00 ms.
Unloading 2655 Unused Serialized files (Serialized files now loaded: 0)
System memory in use before: 177.3 MB.
System memory in use after: 177.5 MB.

Unloading 10 unused Assets to reduce memory usage. Loaded Objects now: 3201.
Total: 2.062739 ms (FindLiveObjects: 0.224273 ms CreateObjectMapping: 0.085151 ms MarkObjects: 1.700438 ms  DeleteObjects: 0.050346 ms)

========================================================================
Received Import Request.
  Time since last request: 11.480169 seconds.
  path: Assets/Scripts/LearningCurve.cs
  artifactKey: Guid(217ec36133fa4403ba779eb5136247ee) Importer(815301076,1909f56bfc062723c751e8b465ee728b)
Start importing Assets/Scripts/LearningCurve.cs using Guid(217ec36133fa4403ba779eb5136247ee) Importer(815301076,1909f56bfc062723c751e8b465ee728b)  -> (artifact id: '52a95b1e9bd6ad81fc15dd85967be3ae') in 0.012257 seconds 
========================================================================
Received Prepare
Registering precompiled user dll's ...
Registered in 0.002362 seconds.
Begin MonoManager ReloadAssembly
Native extension for OSXStandalone target not found
Refreshing native plugins compatible for Editor in 0.43 ms, found 1 plugins.
Preloading 0 native plugins for Editor in 0.00 ms.
Mono: successfully reloaded assembly
- Completed reload, in  1.051 seconds
Platform modules already initialized, skipping
Refreshing native plugins compatible for Editor in 0.41 ms, found 1 plugins.
Preloading 0 native plugins for Editor in 0.00 ms.
Unloading 2655 Unused Serialized files (Serialized files now loaded: 0)
System memory in use before: 177.5 MB.
System memory in use after: 177.7 MB.

Unloading 10 unused Assets to reduce memory usage. Loaded Objects now: 3204.
Total: 1.914201 ms (FindLiveObjects: 0.224390 ms CreateObjectMapping: 0.081544 ms MarkObjects: 1.561227 ms  DeleteObjects: 0.045941 ms)

========================================================================
Received Import Request.
  Time since last request: 7.976014 seconds.
  path: Assets/Scripts/LearningCurve.cs
  artifactKey: Guid(217ec36133fa4403ba779eb5136247ee) Importer(815301076,1909f56bfc062723c751e8b465ee728b)
Start importing Assets/Scripts/LearningCurve.cs using Guid(217ec36133fa4403ba779eb5136247ee) Importer(815301076,1909f56bfc062723c751e8b465ee728b)  -> (artifact id: '07bfaf82ff5b30891a7d469cef1fb127') in 0.012183 seconds 
========================================================================
Received Prepare
Registering precompiled user dll's ...
Registered in 0.002301 seconds.
Begin MonoManager ReloadAssembly
Native extension for OSXStandalone target not found
Refreshing native plugins compatible for Editor in 0.40 ms, found 1 plugins.
Preloading 0 native plugins for Editor in 0.00 ms.
Mono: successfully reloaded assembly
- Completed reload, in  0.975 seconds
Platform modules already initialized, skipping
Refreshing native plugins compatible for Editor in 0.47 ms, found 1 plugins.
Preloading 0 native plugins for Editor in 0.00 ms.
Unloading 2655 Unused Serialized files (Serialized files now loaded: 0)
System memory in use before: 177.7 MB.
System memory in use after: 177.8 MB.

Unloading 10 unused Assets to reduce memory usage. Loaded Objects now: 3207.
Total: 2.145936 ms (FindLiveObjects: 0.239369 ms CreateObjectMapping: 0.083142 ms MarkObjects: 1.765219 ms  DeleteObjects: 0.056471 ms)

========================================================================
Received Import Request.
  Time since last request: 48.685833 seconds.
  path: Assets/Scripts/LearningCurve.cs
  artifactKey: Guid(217ec36133fa4403ba779eb5136247ee) Importer(815301076,1909f56bfc062723c751e8b465ee728b)
Start importing Assets/Scripts/LearningCurve.cs using Guid(217ec36133fa4403ba779eb5136247ee) Importer(815301076,1909f56bfc062723c751e8b465ee728b)  -> (artifact id: '9452753881ffbbd71e6db1838a7550be') in 0.010628 seconds 
========================================================================
Received Prepare
Registering precompiled user dll's ...
Registered in 0.002237 seconds.
Begin MonoManager ReloadAssembly
Native extension for OSXStandalone target not found
Refreshing native plugins compatible for Editor in 0.50 ms, found 1 plugins.
Preloading 0 native plugins for Editor in 0.00 ms.
Mono: successfully reloaded assembly
- Completed reload, in  1.137 seconds
Platform modules already initialized, skipping
Refreshing native plugins compatible for Editor in 0.50 ms, found 1 plugins.
Preloading 0 native plugins for Editor in 0.00 ms.
Unloading 2655 Unused Serialized files (Serialized files now loaded: 0)
System memory in use before: 177.8 MB.
System memory in use after: 178.0 MB.

Unloading 10 unused Assets to reduce memory usage. Loaded Objects now: 3210.
Total: 1.919029 ms (FindLiveObjects: 0.227810 ms CreateObjectMapping: 0.086062 ms MarkObjects: 1.557482 ms  DeleteObjects: 0.046211 ms)

========================================================================
Received Import Request.
  Time since last request: 19.076419 seconds.
  path: Assets/Scripts/LearningCurve.cs
  artifactKey: Guid(217ec36133fa4403ba779eb5136247ee) Importer(815301076,1909f56bfc062723c751e8b465ee728b)
Start importing Assets/Scripts/LearningCurve.cs using Guid(217ec36133fa4403ba779eb5136247ee) Importer(815301076,1909f56bfc062723c751e8b465ee728b)  -> (artifact id: '3da87a17a269522cd4478a7c4aef4ef0') in 0.012146 seconds 
========================================================================
Received Prepare
Registering precompiled user dll's ...
Registered in 0.002215 seconds.
Begin MonoManager ReloadAssembly
Native extension for OSXStandalone target not found
Refreshing native plugins compatible for Editor in 0.46 ms, found 1 plugins.
Preloading 0 native plugins for Editor in 0.00 ms.
Mono: successfully reloaded assembly
- Completed reload, in  1.097 seconds
Platform modules already initialized, skipping
Refreshing native plugins compatible for Editor in 0.41 ms, found 1 plugins.
Preloading 0 native plugins for Editor in 0.00 ms.
Unloading 2655 Unused Serialized files (Serialized files now loaded: 0)
System memory in use before: 178.0 MB.
System memory in use after: 178.2 MB.

Unloading 10 unused Assets to reduce memory usage. Loaded Objects now: 3213.
Total: 2.174184 ms (FindLiveObjects: 0.331231 ms CreateObjectMapping: 0.130377 ms MarkObjects: 1.660898 ms  DeleteObjects: 0.050181 ms)

