Using pre-set license

 COMMAND LINE ARGUMENTS:
/Applications/Unity/Hub/Editor/2021.1.0b8/Unity.app/Contents/MacOS/Unity
-adb2
-batchMode
-noUpm
-name
AssetImportWorker0
-projectPath
/Users/harrisonferrone/Desktop/Hero_Born
-logFile
Logs/AssetImportWorker0.log
-srvPort
57487
Successfully changed project path to: /Users/harrisonferrone/Desktop/Hero_Born
/Users/harrisonferrone/Desktop/Hero_Born
Using Asset Import Pipeline V2.
Refreshing native plugins compatible for Editor in 74.94 ms, found 1 plugins.
Preloading 0 native plugins for Editor in 0.00 ms.
Initialize engine version: 2021.1.0b8 (4a0a5fc962a9)
[Subsystems] Discovering subsystems at path /Applications/Unity/Hub/Editor/2021.1.0b8/Unity.app/Contents/Resources/UnitySubsystems
[Subsystems] Discovering subsystems at path /Users/harrisonferrone/Desktop/Hero_Born/Assets
GfxDevice: creating device client; threaded=0; jobified=0
2021-03-21 12:51:19.626 Unity[41273:4311328] Color LCD preferred device: Intel(R) Iris(TM) Plus Graphics (low power)
2021-03-21 12:51:19.626 Unity[41273:4311328] Metal devices available: 1
2021-03-21 12:51:19.626 Unity[41273:4311328] 0: Intel(R) Iris(TM) Plus Graphics (low power)
2021-03-21 12:51:19.626 Unity[41273:4311328] Using device Intel(R) Iris(TM) Plus Graphics (low power)
Initializing Metal device caps: Intel(R) Iris(TM) Plus Graphics
Initialize mono
Mono path[0] = '/Applications/Unity/Hub/Editor/2021.1.0b8/Unity.app/Contents/Managed'
Mono path[1] = '/Applications/Unity/Hub/Editor/2021.1.0b8/Unity.app/Contents/MonoBleedingEdge/lib/mono/unityjit'
Mono config path = '/Applications/Unity/Hub/Editor/2021.1.0b8/Unity.app/Contents/MonoBleedingEdge/etc'
Using monoOptions --debugger-agent=transport=dt_socket,embedding=1,server=y,suspend=n,address=127.0.0.1:56273
Begin MonoManager ReloadAssembly
Registering precompiled unity dll's ...
Register platform support module: /Applications/Unity/Hub/Editor/2021.1.0b8/Unity.app/Contents/PlaybackEngines/MacStandaloneSupport/UnityEditor.OSXStandalone.Extensions.dll
Registered in 0.003429 seconds.
Native extension for OSXStandalone target not found
Refreshing native plugins compatible for Editor in 66.58 ms, found 1 plugins.
Preloading 0 native plugins for Editor in 0.00 ms.
Mono: successfully reloaded assembly
- Completed reload, in  3.795 seconds
Platform modules already initialized, skipping
Registering precompiled user dll's ...
Registered in 0.002472 seconds.
Begin MonoManager ReloadAssembly
Native extension for OSXStandalone target not found
Refreshing native plugins compatible for Editor in 0.58 ms, found 1 plugins.
Preloading 0 native plugins for Editor in 0.00 ms.
Mono: successfully reloaded assembly
- Completed reload, in  1.127 seconds
Platform modules already initialized, skipping
========================================================================
Worker process is ready to serve import requests
Launching external process: /Applications/Unity/Hub/Editor/2021.1.0b8/Unity.app/Contents/Tools/UnityShaderCompiler
Launched and connected shader compiler UnityShaderCompiler after 0.03 seconds
Refreshing native plugins compatible for Editor in 0.41 ms, found 1 plugins.
Preloading 0 native plugins for Editor in 0.00 ms.
Unloading 2672 Unused Serialized files (Serialized files now loaded: 0)
System memory in use before: 167.3 MB.
System memory in use after: 167.5 MB.

Unloading 15 unused Assets to reduce memory usage. Loaded Objects now: 3124.
Total: 2.317345 ms (FindLiveObjects: 0.327087 ms CreateObjectMapping: 0.094689 ms MarkObjects: 1.824703 ms  DeleteObjects: 0.069841 ms)

========================================================================
Received Import Request.
  path: Assets/Scripts/GameBehavior.cs
  artifactKey: Guid(2ab0976b95b7a4906b0b54ccc66ddf33) Importer(815301076,1909f56bfc062723c751e8b465ee728b)
Start importing Assets/Scripts/GameBehavior.cs using Guid(2ab0976b95b7a4906b0b54ccc66ddf33) Importer(815301076,1909f56bfc062723c751e8b465ee728b)  -> (artifact id: '6f7105f491091548b163785c224e9ab5') in 0.402826 seconds 
